<?xml version="1.0" encoding="UTF-8"?>
<testsuite xmlns:xsi="http://www.w3.org/2001/XMLSchema-instance" xsi:noNamespaceSchemaLocation="https://maven.apache.org/surefire/maven-surefire-plugin/xsd/surefire-test-report.xsd" version="3.0.2" name="com.mercado.sistemamercado.SistemaMercadoApplicationTests" time="3.573" tests="1" errors="0" skipped="0" failures="0">
  <properties>
[...]
</properties>
  <testcase name="contextLoads" classname="com.mercado.sistemamercado.SistemaMercadoApplicationTests" time="0.234">
    <system-out><![CDATA[11:14:56.196 [main] INFO org.springframework.test.context.support.AnnotationConfigContextLoaderUtils -- Could not detect default configuration classes for test class [com.mercado.sistemamercado.SistemaMercadoApplicationTests]: SistemaMercadoApplicationTests does not declare any static, non-private, non-final, nested classes annotated with @Configuration.
11:14:56.280 [main] INFO org.springframework.boot.test.context.SpringBootTestContextBootstrapper -- Found @SpringBootConfiguration com.mercado.sistemamercado.SistemaMercadoApplication for test class com.mercado.sistemamercado.SistemaMercadoApplicationTests

  .   ____          _            __ _ _
 /\\ / ___'_ __ _ _(_)_ __  __ _ \ \ \ \
( ( )\___ | '_ | '_| | '_ \/ _` | \ \ \ \
 \\/  ___)| |_)| | | | | || (_| |  ) ) ) )
  '  |____| .__|_| |_|_| |_\__, | / / / /
 =========|_|==============|___/=/_/_/_/

 :: Spring Boot ::                (v3.5.6)

2025-10-01T11:14:56.585-05:00  INFO 14096 --- [sistemamercado] [           main] c.m.s.SistemaMercadoApplicationTests     : Starting SistemaMercadoApplicationTests using Java 25-ea with PID 14096 (started by camil in C:\Proyectos\sistema-mercado)
2025-10-01T11:14:56.586-05:00  INFO 14096 --- [sistemamercado] [           main] c.m.s.SistemaMercadoApplicationTests     : No active profile set, falling back to 1 default profile: "default"
2025-10-01T11:14:57.025-05:00  INFO 14096 --- [sistemamercado] [           main] .s.d.r.c.RepositoryConfigurationDelegate : Bootstrapping Spring Data JPA repositories in DEFAULT mode.
2025-10-01T11:14:57.078-05:00  INFO 14096 --- [sistemamercado] [           main] .s.d.r.c.RepositoryConfigurationDelegate : Finished Spring Data repository scanning in 45 ms. Found 3 JPA repository interfaces.
2025-10-01T11:14:57.404-05:00 DEBUG 14096 --- [sistemamercado] [           main] o.hibernate.jpa.internal.util.LogHelper  : PersistenceUnitInfo [
	name: default
	persistence provider classname: null
	classloader: jdk.internal.loader.ClassLoaders$AppClassLoader@105be200
	excludeUnlistedClasses: true
	JTA datasource: null
	Non JTA datasource: HikariDataSource (null)
	Transaction type: RESOURCE_LOCAL
	PU root URL: file:/C:/Proyectos/sistema-mercado/target/test-classes/
	Shared Cache Mode: UNSPECIFIED
	Validation Mode: AUTO
	Jar files URLs []
	Managed classes names [
		com.mercado.sistemamercado.model.productos.ProductoEntity
		com.mercado.sistemamercado.model.usuarios.UsuarioEntity
		com.mercado.sistemamercado.model.ventas.VentaEntity]
	Mapping files names []
	Properties []
2025-10-01T11:14:57.410-05:00 DEBUG 14096 --- [sistemamercado] [           main] o.h.i.internal.IntegratorServiceImpl     : Adding Integrator [org.hibernate.boot.beanvalidation.BeanValidationIntegrator].
2025-10-01T11:14:57.411-05:00 DEBUG 14096 --- [sistemamercado] [           main] o.h.i.internal.IntegratorServiceImpl     : Adding Integrator [org.hibernate.cache.internal.CollectionCacheInvalidator].
2025-10-01T11:14:57.447-05:00  INFO 14096 --- [sistemamercado] [           main] org.hibernate.Version                    : HHH000412: Hibernate ORM core version 6.6.29.Final
2025-10-01T11:14:57.448-05:00 DEBUG 14096 --- [sistemamercado] [           main] org.hibernate.cfg.Environment            : HHH000206: 'hibernate.properties' not found
2025-10-01T11:14:57.466-05:00 DEBUG 14096 --- [sistemamercado] [           main] org.hibernate.orm.idgen.factory          : Registering IdentifierGenerator strategy [uuid2] -> [org.hibernate.id.UUIDGenerator]
2025-10-01T11:14:57.466-05:00 DEBUG 14096 --- [sistemamercado] [           main] org.hibernate.orm.idgen.factory          : Registering IdentifierGenerator strategy [guid] -> [org.hibernate.id.GUIDGenerator]
2025-10-01T11:14:57.466-05:00 DEBUG 14096 --- [sistemamercado] [           main] org.hibernate.orm.idgen.factory          : Registering IdentifierGenerator strategy [uuid] -> [org.hibernate.id.UUIDHexGenerator]
2025-10-01T11:14:57.467-05:00 DEBUG 14096 --- [sistemamercado] [           main] org.hibernate.orm.idgen.factory          : Registering IdentifierGenerator strategy [uuid.hex] -> [org.hibernate.id.UUIDHexGenerator]
2025-10-01T11:14:57.467-05:00 DEBUG 14096 --- [sistemamercado] [           main] org.hibernate.orm.idgen.factory          : Registering IdentifierGenerator strategy [assigned] -> [org.hibernate.id.Assigned]
2025-10-01T11:14:57.468-05:00 DEBUG 14096 --- [sistemamercado] [           main] org.hibernate.orm.idgen.factory          : Registering IdentifierGenerator strategy [identity] -> [org.hibernate.id.IdentityGenerator]
2025-10-01T11:14:57.468-05:00 DEBUG 14096 --- [sistemamercado] [           main] org.hibernate.orm.idgen.factory          : Registering IdentifierGenerator strategy [select] -> [org.hibernate.id.SelectGenerator]
2025-10-01T11:14:57.469-05:00 DEBUG 14096 --- [sistemamercado] [           main] org.hibernate.orm.idgen.factory          : Registering IdentifierGenerator strategy [sequence] -> [org.hibernate.id.enhanced.SequenceStyleGenerator]
2025-10-01T11:14:57.469-05:00 DEBUG 14096 --- [sistemamercado] [           main] org.hibernate.orm.idgen.factory          : Registering IdentifierGenerator strategy [increment] -> [org.hibernate.id.IncrementGenerator]
2025-10-01T11:14:57.470-05:00 DEBUG 14096 --- [sistemamercado] [           main] org.hibernate.orm.idgen.factory          : Registering IdentifierGenerator strategy [foreign] -> [org.hibernate.id.ForeignGenerator]
2025-10-01T11:14:57.470-05:00 DEBUG 14096 --- [sistemamercado] [           main] org.hibernate.orm.idgen.factory          : Registering IdentifierGenerator strategy [enhanced-sequence] -> [org.hibernate.id.enhanced.SequenceStyleGenerator]
2025-10-01T11:14:57.470-05:00 DEBUG 14096 --- [sistemamercado] [           main] org.hibernate.orm.idgen.factory          : Registering IdentifierGenerator strategy [enhanced-table] -> [org.hibernate.id.enhanced.TableGenerator]
2025-10-01T11:14:57.475-05:00 DEBUG 14096 --- [sistemamercado] [           main] o.h.c.internal.RegionFactoryInitiator    : Cannot default RegionFactory based on registered strategies as `[]` RegionFactory strategies were registered
2025-10-01T11:14:57.475-05:00  INFO 14096 --- [sistemamercado] [           main] o.h.c.internal.RegionFactoryInitiator    : HHH000026: Second-level cache disabled
2025-10-01T11:14:57.564-05:00 DEBUG 14096 --- [sistemamercado] [           main] org.hibernate.type.BasicTypeRegistry     : Adding type registration boolean -> org.hibernate.type.BasicTypeReference@bd3eff4
2025-10-01T11:14:57.564-05:00 DEBUG 14096 --- [sistemamercado] [           main] org.hibernate.type.BasicTypeRegistry     : Adding type registration boolean -> org.hibernate.type.BasicTypeReference@bd3eff4
2025-10-01T11:14:57.564-05:00 DEBUG 14096 --- [sistemamercado] [           main] org.hibernate.type.BasicTypeRegistry     : Adding type registration java.lang.Boolean -> org.hibernate.type.BasicTypeReference@bd3eff4
2025-10-01T11:14:57.564-05:00 DEBUG 14096 --- [sistemamercado] [           main] org.hibernate.type.BasicTypeRegistry     : Adding type registration numeric_boolean -> org.hibernate.type.BasicTypeReference@6010d0d1
2025-10-01T11:14:57.564-05:00 DEBUG 14096 --- [sistemamercado] [           main] org.hibernate.type.BasicTypeRegistry     : Adding type registration org.hibernate.type.NumericBooleanConverter -> org.hibernate.type.BasicTypeReference@6010d0d1
2025-10-01T11:14:57.564-05:00 DEBUG 14096 --- [sistemamercado] [           main] org.hibernate.type.BasicTypeRegistry     : Adding type registration true_false -> org.hibernate.type.BasicTypeReference@5934ca1e
2025-10-01T11:14:57.564-05:00 DEBUG 14096 --- [sistemamercado] [           main] org.hibernate.type.BasicTypeRegistry     : Adding type registration org.hibernate.type.TrueFalseConverter -> org.hibernate.type.BasicTypeReference@5934ca1e
2025-10-01T11:14:57.564-05:00 DEBUG 14096 --- [sistemamercado] [           main] org.hibernate.type.BasicTypeRegistry     : Adding type registration yes_no -> org.hibernate.type.BasicTypeReference@5348d83c
2025-10-01T11:14:57.565-05:00 DEBUG 14096 --- [sistemamercado] [           main] org.hibernate.type.BasicTypeRegistry     : Adding type registration org.hibernate.type.YesNoConverter -> org.hibernate.type.BasicTypeReference@5348d83c
2025-10-01T11:14:57.565-05:00 DEBUG 14096 --- [sistemamercado] [           main] org.hibernate.type.BasicTypeRegistry     : Adding type registration byte -> org.hibernate.type.BasicTypeReference@477021ee
2025-10-01T11:14:57.565-05:00 DEBUG 14096 --- [sistemamercado] [           main] org.hibernate.type.BasicTypeRegistry     : Adding type registration byte -> org.hibernate.type.BasicTypeReference@477021ee
2025-10-01T11:14:57.565-05:00 DEBUG 14096 --- [sistemamercado] [           main] org.hibernate.type.BasicTypeRegistry     : Adding type registration java.lang.Byte -> org.hibernate.type.BasicTypeReference@477021ee
2025-10-01T11:14:57.565-05:00 DEBUG 14096 --- [sistemamercado] [           main] org.hibernate.type.BasicTypeRegistry     : Adding type registration binary -> org.hibernate.type.BasicTypeReference@2180e789
2025-10-01T11:14:57.565-05:00 DEBUG 14096 --- [sistemamercado] [           main] org.hibernate.type.BasicTypeRegistry     : Adding type registration byte[] -> org.hibernate.type.BasicTypeReference@2180e789
2025-10-01T11:14:57.565-05:00 DEBUG 14096 --- [sistemamercado] [           main] org.hibernate.type.BasicTypeRegistry     : Adding type registration [B -> org.hibernate.type.BasicTypeReference@2180e789
2025-10-01T11:14:57.565-05:00 DEBUG 14096 --- [sistemamercado] [           main] org.hibernate.type.BasicTypeRegistry     : Adding type registration binary_wrapper -> org.hibernate.type.BasicTypeReference@5e9bbd9d
2025-10-01T11:14:57.565-05:00 DEBUG 14096 --- [sistemamercado] [           main] org.hibernate.type.BasicTypeRegistry     : Adding type registration wrapper-binary -> org.hibernate.type.BasicTypeReference@5e9bbd9d
2025-10-01T11:14:57.565-05:00 DEBUG 14096 --- [sistemamercado] [           main] org.hibernate.type.BasicTypeRegistry     : Adding type registration image -> org.hibernate.type.BasicTypeReference@4b87074a
2025-10-01T11:14:57.565-05:00 DEBUG 14096 --- [sistemamercado] [           main] org.hibernate.type.BasicTypeRegistry     : Adding type registration blob -> org.hibernate.type.BasicTypeReference@d3e3085
2025-10-01T11:14:57.565-05:00 DEBUG 14096 --- [sistemamercado] [           main] org.hibernate.type.BasicTypeRegistry     : Adding type registration java.sql.Blob -> org.hibernate.type.BasicTypeReference@d3e3085
2025-10-01T11:14:57.566-05:00 DEBUG 14096 --- [sistemamercado] [           main] org.hibernate.type.BasicTypeRegistry     : Adding type registration materialized_blob -> org.hibernate.type.BasicTypeReference@2ba42204
2025-10-01T11:14:57.566-05:00 DEBUG 14096 --- [sistemamercado] [           main] org.hibernate.type.BasicTypeRegistry     : Adding type registration materialized_blob_wrapper -> org.hibernate.type.BasicTypeReference@285005b8
2025-10-01T11:14:57.566-05:00 DEBUG 14096 --- [sistemamercado] [           main] org.hibernate.type.BasicTypeRegistry     : Adding type registration short -> org.hibernate.type.BasicTypeReference@5b1efaaf
2025-10-01T11:14:57.566-05:00 DEBUG 14096 --- [sistemamercado] [           main] org.hibernate.type.BasicTypeRegistry     : Adding type registration short -> org.hibernate.type.BasicTypeReference@5b1efaaf
2025-10-01T11:14:57.566-05:00 DEBUG 14096 --- [sistemamercado] [           main] org.hibernate.type.BasicTypeRegistry     : Adding type registration java.lang.Short -> org.hibernate.type.BasicTypeReference@5b1efaaf
2025-10-01T11:14:57.566-05:00 DEBUG 14096 --- [sistemamercado] [           main] org.hibernate.type.BasicTypeRegistry     : Adding type registration integer -> org.hibernate.type.BasicTypeReference@27585351
2025-10-01T11:14:57.566-05:00 DEBUG 14096 --- [sistemamercado] [           main] org.hibernate.type.BasicTypeRegistry     : Adding type registration int -> org.hibernate.type.BasicTypeReference@27585351
2025-10-01T11:14:57.567-05:00 DEBUG 14096 --- [sistemamercado] [           main] org.hibernate.type.BasicTypeRegistry     : Adding type registration java.lang.Integer -> org.hibernate.type.BasicTypeReference@27585351
2025-10-01T11:14:57.567-05:00 DEBUG 14096 --- [sistemamercado] [           main] org.hibernate.type.BasicTypeRegistry     : Adding type registration long -> org.hibernate.type.BasicTypeReference@2de6f1bc
2025-10-01T11:14:57.567-05:00 DEBUG 14096 --- [sistemamercado] [           main] org.hibernate.type.BasicTypeRegistry     : Adding type registration long -> org.hibernate.type.BasicTypeReference@2de6f1bc
2025-10-01T11:14:57.567-05:00 DEBUG 14096 --- [sistemamercado] [           main] org.hibernate.type.BasicTypeRegistry     : Adding type registration java.lang.Long -> org.hibernate.type.BasicTypeReference@2de6f1bc
2025-10-01T11:14:57.567-05:00 DEBUG 14096 --- [sistemamercado] [           main] org.hibernate.type.BasicTypeRegistry     : Adding type registration float -> org.hibernate.type.BasicTypeReference@5b35c7d
2025-10-01T11:14:57.567-05:00 DEBUG 14096 --- [sistemamercado] [           main] org.hibernate.type.BasicTypeRegistry     : Adding type registration float -> org.hibernate.type.BasicTypeReference@5b35c7d
2025-10-01T11:14:57.567-05:00 DEBUG 14096 --- [sistemamercado] [           main] org.hibernate.type.BasicTypeRegistry     : Adding type registration java.lang.Float -> org.hibernate.type.BasicTypeReference@5b35c7d
2025-10-01T11:14:57.568-05:00 DEBUG 14096 --- [sistemamercado] [           main] org.hibernate.type.BasicTypeRegistry     : Adding type registration double -> org.hibernate.type.BasicTypeReference@29d405e6
2025-10-01T11:14:57.568-05:00 DEBUG 14096 --- [sistemamercado] [           main] org.hibernate.type.BasicTypeRegistry     : Adding type registration double -> org.hibernate.type.BasicTypeReference@29d405e6
2025-10-01T11:14:57.568-05:00 DEBUG 14096 --- [sistemamercado] [           main] org.hibernate.type.BasicTypeRegistry     : Adding type registration java.lang.Double -> org.hibernate.type.BasicTypeReference@29d405e6
2025-10-01T11:14:57.568-05:00 DEBUG 14096 --- [sistemamercado] [           main] org.hibernate.type.BasicTypeRegistry     : Adding type registration big_integer -> org.hibernate.type.BasicTypeReference@4c731956
2025-10-01T11:14:57.568-05:00 DEBUG 14096 --- [sistemamercado] [           main] org.hibernate.type.BasicTypeRegistry     : Adding type registration java.math.BigInteger -> org.hibernate.type.BasicTypeReference@4c731956
2025-10-01T11:14:57.568-05:00 DEBUG 14096 --- [sistemamercado] [           main] org.hibernate.type.BasicTypeRegistry     : Adding type registration big_decimal -> org.hibernate.type.BasicTypeReference@56826a75
2025-10-01T11:14:57.568-05:00 DEBUG 14096 --- [sistemamercado] [           main] org.hibernate.type.BasicTypeRegistry     : Adding type registration java.math.BigDecimal -> org.hibernate.type.BasicTypeReference@56826a75
2025-10-01T11:14:57.568-05:00 DEBUG 14096 --- [sistemamercado] [           main] org.hibernate.type.BasicTypeRegistry     : Adding type registration character -> org.hibernate.type.BasicTypeReference@49cd946c
2025-10-01T11:14:57.568-05:00 DEBUG 14096 --- [sistemamercado] [           main] org.hibernate.type.BasicTypeRegistry     : Adding type registration char -> org.hibernate.type.BasicTypeReference@49cd946c
2025-10-01T11:14:57.568-05:00 DEBUG 14096 --- [sistemamercado] [           main] org.hibernate.type.BasicTypeRegistry     : Adding type registration java.lang.Character -> org.hibernate.type.BasicTypeReference@49cd946c
2025-10-01T11:14:57.568-05:00 DEBUG 14096 --- [sistemamercado] [           main] org.hibernate.type.BasicTypeRegistry     : Adding type registration character_nchar -> org.hibernate.type.BasicTypeReference@40bf4386
2025-10-01T11:14:57.569-05:00 DEBUG 14096 --- [sistemamercado] [           main] org.hibernate.type.BasicTypeRegistry     : Adding type registration string -> org.hibernate.type.BasicTypeReference@14d25b6e
2025-10-01T11:14:57.569-05:00 DEBUG 14096 --- [sistemamercado] [           main] org.hibernate.type.BasicTypeRegistry     : Adding type registration java.lang.String -> org.hibernate.type.BasicTypeReference@14d25b6e
2025-10-01T11:14:57.569-05:00 DEBUG 14096 --- [sistemamercado] [           main] org.hibernate.type.BasicTypeRegistry     : Adding type registration nstring -> org.hibernate.type.BasicTypeReference@51c65a43
2025-10-01T11:14:57.569-05:00 DEBUG 14096 --- [sistemamercado] [           main] org.hibernate.type.BasicTypeRegistry     : Adding type registration characters -> org.hibernate.type.BasicTypeReference@740dcae3
2025-10-01T11:14:57.569-05:00 DEBUG 14096 --- [sistemamercado] [           main] org.hibernate.type.BasicTypeRegistry     : Adding type registration char[] -> org.hibernate.type.BasicTypeReference@740dcae3
2025-10-01T11:14:57.569-05:00 DEBUG 14096 --- [sistemamercado] [           main] org.hibernate.type.BasicTypeRegistry     : Adding type registration [C -> org.hibernate.type.BasicTypeReference@740dcae3
2025-10-01T11:14:57.569-05:00 DEBUG 14096 --- [sistemamercado] [           main] org.hibernate.type.BasicTypeRegistry     : Adding type registration wrapper-characters -> org.hibernate.type.BasicTypeReference@4e140497
2025-10-01T11:14:57.569-05:00 DEBUG 14096 --- [sistemamercado] [           main] org.hibernate.type.BasicTypeRegistry     : Adding type registration text -> org.hibernate.type.BasicTypeReference@481b2f10
2025-10-01T11:14:57.569-05:00 DEBUG 14096 --- [sistemamercado] [           main] org.hibernate.type.BasicTypeRegistry     : Adding type registration ntext -> org.hibernate.type.BasicTypeReference@2b6c7012
2025-10-01T11:14:57.569-05:00 DEBUG 14096 --- [sistemamercado] [           main] org.hibernate.type.BasicTypeRegistry     : Adding type registration clob -> org.hibernate.type.BasicTypeReference@31acfd4e
2025-10-01T11:14:57.569-05:00 DEBUG 14096 --- [sistemamercado] [           main] org.hibernate.type.BasicTypeRegistry     : Adding type registration java.sql.Clob -> org.hibernate.type.BasicTypeReference@31acfd4e
2025-10-01T11:14:57.569-05:00 DEBUG 14096 --- [sistemamercado] [           main] org.hibernate.type.BasicTypeRegistry     : Adding type registration nclob -> org.hibernate.type.BasicTypeReference@5f726750
2025-10-01T11:14:57.570-05:00 DEBUG 14096 --- [sistemamercado] [           main] org.hibernate.type.BasicTypeRegistry     : Adding type registration java.sql.NClob -> org.hibernate.type.BasicTypeReference@5f726750
2025-10-01T11:14:57.570-05:00 DEBUG 14096 --- [sistemamercado] [           main] org.hibernate.type.BasicTypeRegistry     : Adding type registration materialized_clob -> org.hibernate.type.BasicTypeReference@4e80a001
2025-10-01T11:14:57.570-05:00 DEBUG 14096 --- [sistemamercado] [           main] org.hibernate.type.BasicTypeRegistry     : Adding type registration materialized_clob_char_array -> org.hibernate.type.BasicTypeReference@624b523
2025-10-01T11:14:57.570-05:00 DEBUG 14096 --- [sistemamercado] [           main] org.hibernate.type.BasicTypeRegistry     : Adding type registration materialized_clob_character_array -> org.hibernate.type.BasicTypeReference@50b46e24
2025-10-01T11:14:57.570-05:00 DEBUG 14096 --- [sistemamercado] [           main] org.hibernate.type.BasicTypeRegistry     : Adding type registration materialized_nclob -> org.hibernate.type.BasicTypeReference@1c30cb85
2025-10-01T11:14:57.570-05:00 DEBUG 14096 --- [sistemamercado] [           main] org.hibernate.type.BasicTypeRegistry     : Adding type registration materialized_nclob_character_array -> org.hibernate.type.BasicTypeReference@577bf0aa
2025-10-01T11:14:57.570-05:00 DEBUG 14096 --- [sistemamercado] [           main] org.hibernate.type.BasicTypeRegistry     : Adding type registration materialized_nclob_char_array -> org.hibernate.type.BasicTypeReference@7455dacb
2025-10-01T11:14:57.570-05:00 DEBUG 14096 --- [sistemamercado] [           main] org.hibernate.type.BasicTypeRegistry     : Adding type registration Duration -> org.hibernate.type.BasicTypeReference@7634f2b
2025-10-01T11:14:57.570-05:00 DEBUG 14096 --- [sistemamercado] [           main] org.hibernate.type.BasicTypeRegistry     : Adding type registration java.time.Duration -> org.hibernate.type.BasicTypeReference@7634f2b
2025-10-01T11:14:57.570-05:00 DEBUG 14096 --- [sistemamercado] [           main] org.hibernate.type.BasicTypeRegistry     : Adding type registration LocalDateTime -> org.hibernate.type.BasicTypeReference@1d15c0a1
2025-10-01T11:14:57.570-05:00 DEBUG 14096 --- [sistemamercado] [           main] org.hibernate.type.BasicTypeRegistry     : Adding type registration java.time.LocalDateTime -> org.hibernate.type.BasicTypeReference@1d15c0a1
2025-10-01T11:14:57.570-05:00 DEBUG 14096 --- [sistemamercado] [           main] org.hibernate.type.BasicTypeRegistry     : Adding type registration LocalDate -> org.hibernate.type.BasicTypeReference@15639d09
2025-10-01T11:14:57.570-05:00 DEBUG 14096 --- [sistemamercado] [           main] org.hibernate.type.BasicTypeRegistry     : Adding type registration java.time.LocalDate -> org.hibernate.type.BasicTypeReference@15639d09
2025-10-01T11:14:57.570-05:00 DEBUG 14096 --- [sistemamercado] [           main] org.hibernate.type.BasicTypeRegistry     : Adding type registration LocalTime -> org.hibernate.type.BasicTypeReference@4fba8eec
2025-10-01T11:14:57.571-05:00 DEBUG 14096 --- [sistemamercado] [           main] org.hibernate.type.BasicTypeRegistry     : Adding type registration java.time.LocalTime -> org.hibernate.type.BasicTypeReference@4fba8eec
2025-10-01T11:14:57.571-05:00 DEBUG 14096 --- [sistemamercado] [           main] org.hibernate.type.BasicTypeRegistry     : Adding type registration OffsetDateTime -> org.hibernate.type.BasicTypeReference@52bd9a27
2025-10-01T11:14:57.571-05:00 DEBUG 14096 --- [sistemamercado] [           main] org.hibernate.type.BasicTypeRegistry     : Adding type registration java.time.OffsetDateTime -> org.hibernate.type.BasicTypeReference@52bd9a27
2025-10-01T11:14:57.571-05:00 DEBUG 14096 --- [sistemamercado] [           main] org.hibernate.type.BasicTypeRegistry     : Adding type registration OffsetDateTimeWithTimezone -> org.hibernate.type.BasicTypeReference@611e5819
2025-10-01T11:14:57.571-05:00 DEBUG 14096 --- [sistemamercado] [           main] org.hibernate.type.BasicTypeRegistry     : Adding type registration OffsetDateTimeWithoutTimezone -> org.hibernate.type.BasicTypeReference@681c0ae6
2025-10-01T11:14:57.571-05:00 DEBUG 14096 --- [sistemamercado] [           main] org.hibernate.type.BasicTypeRegistry     : Adding type registration OffsetTime -> org.hibernate.type.BasicTypeReference@73ca34e7
2025-10-01T11:14:57.571-05:00 DEBUG 14096 --- [sistemamercado] [           main] org.hibernate.type.BasicTypeRegistry     : Adding type registration java.time.OffsetTime -> org.hibernate.type.BasicTypeReference@73ca34e7
2025-10-01T11:14:57.571-05:00 DEBUG 14096 --- [sistemamercado] [           main] org.hibernate.type.BasicTypeRegistry     : Adding type registration OffsetTimeUtc -> org.hibernate.type.BasicTypeReference@4d98e41b
2025-10-01T11:14:57.571-05:00 DEBUG 14096 --- [sistemamercado] [           main] org.hibernate.type.BasicTypeRegistry     : Adding type registration OffsetTimeWithTimezone -> org.hibernate.type.BasicTypeReference@5ed5b321
2025-10-01T11:14:57.571-05:00 DEBUG 14096 --- [sistemamercado] [           main] org.hibernate.type.BasicTypeRegistry     : Adding type registration OffsetTimeWithoutTimezone -> org.hibernate.type.BasicTypeReference@5696c927
2025-10-01T11:14:57.571-05:00 DEBUG 14096 --- [sistemamercado] [           main] org.hibernate.type.BasicTypeRegistry     : Adding type registration ZonedDateTime -> org.hibernate.type.BasicTypeReference@7459a21e
2025-10-01T11:14:57.571-05:00 DEBUG 14096 --- [sistemamercado] [           main] org.hibernate.type.BasicTypeRegistry     : Adding type registration java.time.ZonedDateTime -> org.hibernate.type.BasicTypeReference@7459a21e
2025-10-01T11:14:57.571-05:00 DEBUG 14096 --- [sistemamercado] [           main] org.hibernate.type.BasicTypeRegistry     : Adding type registration ZonedDateTimeWithTimezone -> org.hibernate.type.BasicTypeReference@7eeb38b2
2025-10-01T11:14:57.571-05:00 DEBUG 14096 --- [sistemamercado] [           main] org.hibernate.type.BasicTypeRegistry     : Adding type registration ZonedDateTimeWithoutTimezone -> org.hibernate.type.BasicTypeReference@d54d0f5
2025-10-01T11:14:57.571-05:00 DEBUG 14096 --- [sistemamercado] [           main] org.hibernate.type.BasicTypeRegistry     : Adding type registration date -> org.hibernate.type.BasicTypeReference@6d6bff89
2025-10-01T11:14:57.571-05:00 DEBUG 14096 --- [sistemamercado] [           main] org.hibernate.type.BasicTypeRegistry     : Adding type registration java.sql.Date -> org.hibernate.type.BasicTypeReference@6d6bff89
2025-10-01T11:14:57.572-05:00 DEBUG 14096 --- [sistemamercado] [           main] org.hibernate.type.BasicTypeRegistry     : Adding type registration time -> org.hibernate.type.BasicTypeReference@541bf968
2025-10-01T11:14:57.572-05:00 DEBUG 14096 --- [sistemamercado] [           main] org.hibernate.type.BasicTypeRegistry     : Adding type registration java.sql.Time -> org.hibernate.type.BasicTypeReference@541bf968
2025-10-01T11:14:57.572-05:00 DEBUG 14096 --- [sistemamercado] [           main] org.hibernate.type.BasicTypeRegistry     : Adding type registration timestamp -> org.hibernate.type.BasicTypeReference@739265f1
2025-10-01T11:14:57.572-05:00 DEBUG 14096 --- [sistemamercado] [           main] org.hibernate.type.BasicTypeRegistry     : Adding type registration java.sql.Timestamp -> org.hibernate.type.BasicTypeReference@739265f1
2025-10-01T11:14:57.572-05:00 DEBUG 14096 --- [sistemamercado] [           main] org.hibernate.type.BasicTypeRegistry     : Adding type registration java.util.Date -> org.hibernate.type.BasicTypeReference@739265f1
2025-10-01T11:14:57.572-05:00 DEBUG 14096 --- [sistemamercado] [           main] org.hibernate.type.BasicTypeRegistry     : Adding type registration calendar -> org.hibernate.type.BasicTypeReference@58eac00e
2025-10-01T11:14:57.572-05:00 DEBUG 14096 --- [sistemamercado] [           main] org.hibernate.type.BasicTypeRegistry     : Adding type registration java.util.Calendar -> org.hibernate.type.BasicTypeReference@58eac00e
2025-10-01T11:14:57.572-05:00 DEBUG 14096 --- [sistemamercado] [           main] org.hibernate.type.BasicTypeRegistry     : Adding type registration java.util.GregorianCalendar -> org.hibernate.type.BasicTypeReference@58eac00e
2025-10-01T11:14:57.572-05:00 DEBUG 14096 --- [sistemamercado] [           main] org.hibernate.type.BasicTypeRegistry     : Adding type registration calendar_date -> org.hibernate.type.BasicTypeReference@6acffb2d
2025-10-01T11:14:57.572-05:00 DEBUG 14096 --- [sistemamercado] [           main] org.hibernate.type.BasicTypeRegistry     : Adding type registration calendar_time -> org.hibernate.type.BasicTypeReference@61149fa5
2025-10-01T11:14:57.572-05:00 DEBUG 14096 --- [sistemamercado] [           main] org.hibernate.type.BasicTypeRegistry     : Adding type registration instant -> org.hibernate.type.BasicTypeReference@149c39b
2025-10-01T11:14:57.572-05:00 DEBUG 14096 --- [sistemamercado] [           main] org.hibernate.type.BasicTypeRegistry     : Adding type registration java.time.Instant -> org.hibernate.type.BasicTypeReference@149c39b
2025-10-01T11:14:57.572-05:00 DEBUG 14096 --- [sistemamercado] [           main] org.hibernate.type.BasicTypeRegistry     : Adding type registration uuid -> org.hibernate.type.BasicTypeReference@f2d890c
2025-10-01T11:14:57.572-05:00 DEBUG 14096 --- [sistemamercado] [           main] org.hibernate.type.BasicTypeRegistry     : Adding type registration java.util.UUID -> org.hibernate.type.BasicTypeReference@f2d890c
2025-10-01T11:14:57.572-05:00 DEBUG 14096 --- [sistemamercado] [           main] org.hibernate.type.BasicTypeRegistry     : Adding type registration pg-uuid -> org.hibernate.type.BasicTypeReference@f2d890c
2025-10-01T11:14:57.572-05:00 DEBUG 14096 --- [sistemamercado] [           main] org.hibernate.type.BasicTypeRegistry     : Adding type registration uuid-binary -> org.hibernate.type.BasicTypeReference@1a2e0d57
2025-10-01T11:14:57.573-05:00 DEBUG 14096 --- [sistemamercado] [           main] org.hibernate.type.BasicTypeRegistry     : Adding type registration uuid-char -> org.hibernate.type.BasicTypeReference@5f025000
2025-10-01T11:14:57.573-05:00 DEBUG 14096 --- [sistemamercado] [           main] org.hibernate.type.BasicTypeRegistry     : Adding type registration class -> org.hibernate.type.BasicTypeReference@10980560
2025-10-01T11:14:57.573-05:00 DEBUG 14096 --- [sistemamercado] [           main] org.hibernate.type.BasicTypeRegistry     : Adding type registration java.lang.Class -> org.hibernate.type.BasicTypeReference@10980560
2025-10-01T11:14:57.573-05:00 DEBUG 14096 --- [sistemamercado] [           main] org.hibernate.type.BasicTypeRegistry     : Adding type registration currency -> org.hibernate.type.BasicTypeReference@739e8b96
2025-10-01T11:14:57.573-05:00 DEBUG 14096 --- [sistemamercado] [           main] org.hibernate.type.BasicTypeRegistry     : Adding type registration Currency -> org.hibernate.type.BasicTypeReference@739e8b96
2025-10-01T11:14:57.573-05:00 DEBUG 14096 --- [sistemamercado] [           main] org.hibernate.type.BasicTypeRegistry     : Adding type registration java.util.Currency -> org.hibernate.type.BasicTypeReference@739e8b96
2025-10-01T11:14:57.573-05:00 DEBUG 14096 --- [sistemamercado] [           main] org.hibernate.type.BasicTypeRegistry     : Adding type registration locale -> org.hibernate.type.BasicTypeReference@54ffa561
2025-10-01T11:14:57.573-05:00 DEBUG 14096 --- [sistemamercado] [           main] org.hibernate.type.BasicTypeRegistry     : Adding type registration java.util.Locale -> org.hibernate.type.BasicTypeReference@54ffa561
2025-10-01T11:14:57.573-05:00 DEBUG 14096 --- [sistemamercado] [           main] org.hibernate.type.BasicTypeRegistry     : Adding type registration serializable -> org.hibernate.type.BasicTypeReference@49c099b
2025-10-01T11:14:57.573-05:00 DEBUG 14096 --- [sistemamercado] [           main] org.hibernate.type.BasicTypeRegistry     : Adding type registration java.io.Serializable -> org.hibernate.type.BasicTypeReference@49c099b
2025-10-01T11:14:57.574-05:00 DEBUG 14096 --- [sistemamercado] [           main] org.hibernate.type.BasicTypeRegistry     : Adding type registration timezone -> org.hibernate.type.BasicTypeReference@3d9f0a5
2025-10-01T11:14:57.574-05:00 DEBUG 14096 --- [sistemamercado] [           main] org.hibernate.type.BasicTypeRegistry     : Adding type registration java.util.TimeZone -> org.hibernate.type.BasicTypeReference@3d9f0a5
2025-10-01T11:14:57.574-05:00 DEBUG 14096 --- [sistemamercado] [           main] org.hibernate.type.BasicTypeRegistry     : Adding type registration ZoneOffset -> org.hibernate.type.BasicTypeReference@1953bc95
2025-10-01T11:14:57.574-05:00 DEBUG 14096 --- [sistemamercado] [           main] org.hibernate.type.BasicTypeRegistry     : Adding type registration java.time.ZoneOffset -> org.hibernate.type.BasicTypeReference@1953bc95
2025-10-01T11:14:57.574-05:00 DEBUG 14096 --- [sistemamercado] [           main] org.hibernate.type.BasicTypeRegistry     : Adding type registration url -> org.hibernate.type.BasicTypeReference@30aec673
2025-10-01T11:14:57.574-05:00 DEBUG 14096 --- [sistemamercado] [           main] org.hibernate.type.BasicTypeRegistry     : Adding type registration java.net.URL -> org.hibernate.type.BasicTypeReference@30aec673
2025-10-01T11:14:57.574-05:00 DEBUG 14096 --- [sistemamercado] [           main] org.hibernate.type.BasicTypeRegistry     : Adding type registration vector -> org.hibernate.type.BasicTypeReference@549ac12c
2025-10-01T11:14:57.574-05:00 DEBUG 14096 --- [sistemamercado] [           main] org.hibernate.type.BasicTypeRegistry     : Adding type registration float_vector -> org.hibernate.type.BasicTypeReference@188a5fc2
2025-10-01T11:14:57.574-05:00 DEBUG 14096 --- [sistemamercado] [           main] org.hibernate.type.BasicTypeRegistry     : Adding type registration double_vector -> org.hibernate.type.BasicTypeReference@1cb9ef52
2025-10-01T11:14:57.574-05:00 DEBUG 14096 --- [sistemamercado] [           main] org.hibernate.type.BasicTypeRegistry     : Adding type registration byte_vector -> org.hibernate.type.BasicTypeReference@5a622fe8
2025-10-01T11:14:57.574-05:00 DEBUG 14096 --- [sistemamercado] [           main] org.hibernate.type.BasicTypeRegistry     : Adding type registration row_version -> org.hibernate.type.BasicTypeReference@58f31629
2025-10-01T11:14:57.577-05:00 DEBUG 14096 --- [sistemamercado] [           main] org.hibernate.type.BasicTypeRegistry     : Adding type registration object -> org.hibernate.type.JavaObjectType@741741d0
2025-10-01T11:14:57.577-05:00 DEBUG 14096 --- [sistemamercado] [           main] org.hibernate.type.BasicTypeRegistry     : Adding type registration java.lang.Object -> org.hibernate.type.JavaObjectType@741741d0
2025-10-01T11:14:57.578-05:00 DEBUG 14096 --- [sistemamercado] [           main] org.hibernate.type.BasicTypeRegistry     : Adding type registration null -> org.hibernate.type.NullType@647b9364
2025-10-01T11:14:57.578-05:00 DEBUG 14096 --- [sistemamercado] [           main] org.hibernate.type.BasicTypeRegistry     : Adding type registration imm_date -> org.hibernate.type.BasicTypeReference@b6bccb4
2025-10-01T11:14:57.578-05:00 DEBUG 14096 --- [sistemamercado] [           main] org.hibernate.type.BasicTypeRegistry     : Adding type registration imm_time -> org.hibernate.type.BasicTypeReference@49edcb30
2025-10-01T11:14:57.578-05:00 DEBUG 14096 --- [sistemamercado] [           main] org.hibernate.type.BasicTypeRegistry     : Adding type registration imm_timestamp -> org.hibernate.type.BasicTypeReference@59303963
2025-10-01T11:14:57.578-05:00 DEBUG 14096 --- [sistemamercado] [           main] org.hibernate.type.BasicTypeRegistry     : Adding type registration imm_calendar -> org.hibernate.type.BasicTypeReference@61e86192
2025-10-01T11:14:57.578-05:00 DEBUG 14096 --- [sistemamercado] [           main] org.hibernate.type.BasicTypeRegistry     : Adding type registration imm_calendar_date -> org.hibernate.type.BasicTypeReference@34330f77
2025-10-01T11:14:57.578-05:00 DEBUG 14096 --- [sistemamercado] [           main] org.hibernate.type.BasicTypeRegistry     : Adding type registration imm_calendar_time -> org.hibernate.type.BasicTypeReference@1320e68a
2025-10-01T11:14:57.578-05:00 DEBUG 14096 --- [sistemamercado] [           main] org.hibernate.type.BasicTypeRegistry     : Adding type registration imm_binary -> org.hibernate.type.BasicTypeReference@4b033eac
2025-10-01T11:14:57.578-05:00 DEBUG 14096 --- [sistemamercado] [           main] org.hibernate.type.BasicTypeRegistry     : Adding type registration imm_serializable -> org.hibernate.type.BasicTypeReference@69c532af
2025-10-01T11:14:57.582-05:00 DEBUG 14096 --- [sistemamercado] [           main] o.h.boot.internal.BootstrapContextImpl   : Injecting JPA temp ClassLoader [org.springframework.instrument.classloading.SimpleThrowawayClassLoader@22d8f4ed] into BootstrapContext; was [null]
2025-10-01T11:14:57.582-05:00 DEBUG 14096 --- [sistemamercado] [           main] o.h.boot.internal.ClassLoaderAccessImpl  : ClassLoaderAccessImpl#injectTempClassLoader(org.springframework.instrument.classloading.SimpleThrowawayClassLoader@22d8f4ed) [was null]
2025-10-01T11:14:57.583-05:00 DEBUG 14096 --- [sistemamercado] [           main] o.h.boot.internal.BootstrapContextImpl   : Injecting ScanEnvironment [org.hibernate.jpa.boot.internal.StandardJpaScanEnvironmentImpl@4f820f42] into BootstrapContext; was [null]
2025-10-01T11:14:57.583-05:00 DEBUG 14096 --- [sistemamercado] [           main] o.h.boot.internal.BootstrapContextImpl   : Injecting ScanOptions [org.hibernate.boot.archive.scan.internal.StandardScanOptions@4b325930] into BootstrapContext; was [org.hibernate.boot.archive.scan.internal.StandardScanOptions@267f9765]
2025-10-01T11:14:57.593-05:00 DEBUG 14096 --- [sistemamercado] [           main] o.h.j.b.i.PersistenceUnitInfoDescriptor  : Pushing class transformers for PU named 'default' on loading classloader jdk.internal.loader.ClassLoaders$AppClassLoader@105be200
2025-10-01T11:14:57.751-05:00  INFO 14096 --- [sistemamercado] [           main] o.s.o.j.p.SpringPersistenceUnitInfo      : No LoadTimeWeaver setup: ignoring JPA class transformer
2025-10-01T11:14:57.751-05:00 DEBUG 14096 --- [sistemamercado] [           main] o.h.boot.internal.BootstrapContextImpl   : Injecting JPA temp ClassLoader [null] into BootstrapContext; was [org.springframework.instrument.classloading.SimpleThrowawayClassLoader@22d8f4ed]
2025-10-01T11:14:57.751-05:00 DEBUG 14096 --- [sistemamercado] [           main] o.h.boot.internal.ClassLoaderAccessImpl  : ClassLoaderAccessImpl#injectTempClassLoader(null) [was org.springframework.instrument.classloading.SimpleThrowawayClassLoader@22d8f4ed]
2025-10-01T11:14:57.792-05:00  INFO 14096 --- [sistemamercado] [           main] com.zaxxer.hikari.HikariDataSource       : HikariPool-1 - Starting...
2025-10-01T11:14:57.941-05:00  INFO 14096 --- [sistemamercado] [           main] com.zaxxer.hikari.pool.HikariPool        : HikariPool-1 - Added connection org.postgresql.jdbc.PgConnection@3a861417
2025-10-01T11:14:57.942-05:00  INFO 14096 --- [sistemamercado] [           main] com.zaxxer.hikari.HikariDataSource       : HikariPool-1 - Start completed.
2025-10-01T11:14:57.947-05:00 DEBUG 14096 --- [sistemamercado] [           main] o.h.e.j.e.i.JdbcEnvironmentInitiator     : Database ->
	   name : PostgreSQL
	version : 18.0
	  major : 18
	  minor : 0
2025-10-01T11:14:57.947-05:00 DEBUG 14096 --- [sistemamercado] [           main] o.h.e.j.e.i.JdbcEnvironmentInitiator     : Driver ->
	   name : PostgreSQL JDBC Driver
	version : 42.7.7
	  major : 42
	  minor : 7
2025-10-01T11:14:57.947-05:00 DEBUG 14096 --- [sistemamercado] [           main] o.h.e.j.e.i.JdbcEnvironmentInitiator     : JDBC version : 4.2
2025-10-01T11:14:57.985-05:00 DEBUG 14096 --- [sistemamercado] [           main] org.hibernate.orm.dialect                : HHH035001: Using dialect: org.hibernate.dialect.PostgreSQLDialect, version: 18.0
2025-10-01T11:14:57.988-05:00 DEBUG 14096 --- [sistemamercado] [           main] o.h.e.j.env.spi.IdentifierHelperBuilder  : JDBC driver metadata reported database stores quoted identifiers in neither upper, lower nor mixed case
2025-10-01T11:14:57.995-05:00 DEBUG 14096 --- [sistemamercado] [           main] org.hibernate.orm.jdbc.lob               : HHH10010004: Disabling contextual LOB creation as Dialect reported it is not supported
2025-10-01T11:14:58.001-05:00  INFO 14096 --- [sistemamercado] [           main] org.hibernate.orm.connections.pooling    : HHH10001005: Database info:
	Database JDBC URL [Connecting through datasource 'HikariDataSource (HikariPool-1)']
	Database driver: undefined/unknown
	Database version: 18.0
	Autocommit mode: undefined/unknown
	Isolation level: undefined/unknown
	Minimum pool size: undefined/unknown
	Maximum pool size: undefined/unknown
2025-10-01T11:14:58.007-05:00 DEBUG 14096 --- [sistemamercado] [           main] o.h.t.d.sql.spi.DdlTypeRegistry          : addDescriptor(2003, org.hibernate.type.descriptor.sql.internal.ArrayDdlTypeImpl@12209826) replaced previous registration(org.hibernate.type.descriptor.sql.internal.ArrayDdlTypeImpl@6cd45b6c)
2025-10-01T11:14:58.008-05:00 DEBUG 14096 --- [sistemamercado] [           main] o.h.t.d.sql.spi.DdlTypeRegistry          : addDescriptor(6, org.hibernate.type.descriptor.sql.internal.CapacityDependentDdlType@3a5b7d7e) replaced previous registration(org.hibernate.type.descriptor.sql.internal.DdlTypeImpl@13cc31ae)
2025-10-01T11:14:58.009-05:00 DEBUG 14096 --- [sistemamercado] [           main] o.h.t.d.jdbc.spi.JdbcTypeRegistry        : addDescriptor(2004, BlobTypeDescriptor(BLOB_BINDING)) replaced previous registration(BlobTypeDescriptor(DEFAULT))
2025-10-01T11:14:58.009-05:00 DEBUG 14096 --- [sistemamercado] [           main] o.h.t.d.jdbc.spi.JdbcTypeRegistry        : addDescriptor(2005, ClobTypeDescriptor(CLOB_BINDING)) replaced previous registration(ClobTypeDescriptor(DEFAULT))
2025-10-01T11:14:58.016-05:00 DEBUG 14096 --- [sistemamercado] [           main] org.hibernate.type.BasicTypeRegistry     : Adding type registration JAVA_OBJECT -> org.hibernate.type.JavaObjectType@7530090a
2025-10-01T11:14:58.016-05:00 DEBUG 14096 --- [sistemamercado] [           main] org.hibernate.type.BasicTypeRegistry     : Adding type registration java.lang.Object -> org.hibernate.type.JavaObjectType@7530090a
2025-10-01T11:14:58.016-05:00 DEBUG 14096 --- [sistemamercado] [           main] org.hibernate.type.BasicTypeRegistry     : Type registration key [java.lang.Object] overrode previous entry : `org.hibernate.type.JavaObjectType@741741d0`
2025-10-01T11:14:58.020-05:00 DEBUG 14096 --- [sistemamercado] [           main] org.hibernate.type.BasicTypeRegistry     : Adding type registration org.hibernate.type.DurationType -> basicType@1(java.time.Duration,3015)
2025-10-01T11:14:58.020-05:00 DEBUG 14096 --- [sistemamercado] [           main] org.hibernate.type.BasicTypeRegistry     : Adding type registration Duration -> basicType@1(java.time.Duration,3015)
2025-10-01T11:14:58.020-05:00 DEBUG 14096 --- [sistemamercado] [           main] org.hibernate.type.BasicTypeRegistry     : Adding type registration java.time.Duration -> basicType@1(java.time.Duration,3015)
2025-10-01T11:14:58.022-05:00 DEBUG 14096 --- [sistemamercado] [           main] org.hibernate.type.BasicTypeRegistry     : Adding type registration org.hibernate.type.OffsetDateTimeType -> basicType@2(java.time.OffsetDateTime,3003)
2025-10-01T11:14:58.022-05:00 DEBUG 14096 --- [sistemamercado] [           main] org.hibernate.type.BasicTypeRegistry     : Adding type registration OffsetDateTime -> basicType@2(java.time.OffsetDateTime,3003)
2025-10-01T11:14:58.023-05:00 DEBUG 14096 --- [sistemamercado] [           main] org.hibernate.type.BasicTypeRegistry     : Adding type registration java.time.OffsetDateTime -> basicType@2(java.time.OffsetDateTime,3003)
2025-10-01T11:14:58.023-05:00 DEBUG 14096 --- [sistemamercado] [           main] org.hibernate.type.BasicTypeRegistry     : Adding type registration org.hibernate.type.ZonedDateTimeType -> basicType@3(java.time.ZonedDateTime,3003)
2025-10-01T11:14:58.023-05:00 DEBUG 14096 --- [sistemamercado] [           main] org.hibernate.type.BasicTypeRegistry     : Adding type registration ZonedDateTime -> basicType@3(java.time.ZonedDateTime,3003)
2025-10-01T11:14:58.023-05:00 DEBUG 14096 --- [sistemamercado] [           main] org.hibernate.type.BasicTypeRegistry     : Adding type registration java.time.ZonedDateTime -> basicType@3(java.time.ZonedDateTime,3003)
2025-10-01T11:14:58.023-05:00 DEBUG 14096 --- [sistemamercado] [           main] org.hibernate.type.BasicTypeRegistry     : Adding type registration org.hibernate.type.OffsetTimeType -> basicType@4(java.time.OffsetTime,3007)
2025-10-01T11:14:58.023-05:00 DEBUG 14096 --- [sistemamercado] [           main] org.hibernate.type.BasicTypeRegistry     : Adding type registration OffsetTime -> basicType@4(java.time.OffsetTime,3007)
2025-10-01T11:14:58.023-05:00 DEBUG 14096 --- [sistemamercado] [           main] org.hibernate.type.BasicTypeRegistry     : Adding type registration java.time.OffsetTime -> basicType@4(java.time.OffsetTime,3007)
2025-10-01T11:14:58.024-05:00 DEBUG 14096 --- [sistemamercado] [           main] o.h.type.spi.TypeConfiguration$Scope     : Scoping TypeConfiguration [org.hibernate.type.spi.TypeConfiguration@32e697ac] to MetadataBuildingContext [org.hibernate.boot.internal.MetadataBuildingContextRootImpl@3866c96e]
2025-10-01T11:14:58.050-05:00 DEBUG 14096 --- [sistemamercado] [           main] o.h.boot.model.relational.Namespace      : Created database namespace [logicalName=Name{catalog=null, schema=null}, physicalName=Name{catalog=null, schema=null}]
2025-10-01T11:14:58.070-05:00 DEBUG 14096 --- [sistemamercado] [           main] o.h.boot.model.internal.EntityBinder     : Binding entity from annotated class: com.mercado.sistemamercado.model.productos.ProductoEntity
2025-10-01T11:14:58.076-05:00 DEBUG 14096 --- [sistemamercado] [           main] o.h.boot.model.internal.EntityBinder     : Import with entity name ProductoEntity
2025-10-01T11:14:58.081-05:00 DEBUG 14096 --- [sistemamercado] [           main] o.h.boot.model.internal.EntityBinder     : Bind entity com.mercado.sistemamercado.model.productos.ProductoEntity on table productos
2025-10-01T11:14:58.089-05:00 DEBUG 14096 --- [sistemamercado] [           main] o.h.boot.model.internal.AnnotatedColumn  : Binding column: AnnotatedDiscriminatorColumn(column='DTYPE')
2025-10-01T11:14:58.105-05:00 DEBUG 14096 --- [sistemamercado] [           main] o.h.boot.model.internal.AnnotatedColumn  : Binding column: AnnotatedColumn()
2025-10-01T11:14:58.106-05:00 DEBUG 14096 --- [sistemamercado] [           main] o.h.boot.internal.ClassLoaderAccessImpl  : Not known whether passed class name [com.mercado.sistemamercado.model.productos.ProductoEntity] is safe
2025-10-01T11:14:58.106-05:00 DEBUG 14096 --- [sistemamercado] [           main] o.h.boot.internal.ClassLoaderAccessImpl  : No temp ClassLoader provided; using live ClassLoader for loading potentially unsafe class : com.mercado.sistemamercado.model.productos.ProductoEntity
2025-10-01T11:14:58.109-05:00 DEBUG 14096 --- [sistemamercado] [           main] o.h.boot.model.internal.PropertyBinder   : MetadataSourceProcessor property id with lazy=false
2025-10-01T11:14:58.112-05:00 DEBUG 14096 --- [sistemamercado] [           main] o.h.b.m.internal.AbstractPropertyHolder  : Attempting to locate auto-apply AttributeConverter for property [com.mercado.sistemamercado.model.productos.ProductoEntity:id]
2025-10-01T11:14:58.116-05:00 DEBUG 14096 --- [sistemamercado] [           main] o.h.b.model.internal.BasicValueBinder    : building BasicValue for id
2025-10-01T11:14:58.119-05:00 DEBUG 14096 --- [sistemamercado] [           main] org.hibernate.mapping.BasicValue         : Skipping column re-registration: productos.id
2025-10-01T11:14:58.119-05:00 DEBUG 14096 --- [sistemamercado] [           main] o.h.boot.model.internal.PropertyBinder   : Building property id
2025-10-01T11:14:58.123-05:00 DEBUG 14096 --- [sistemamercado] [           main] o.h.boot.model.internal.BinderHelper     : #makeIdGenerator(BasicValue([Column(id)]), id, org.hibernate.id.UUIDGenerator, , ...)
2025-10-01T11:14:58.125-05:00 DEBUG 14096 --- [sistemamercado] [           main] o.h.boot.model.internal.AnnotatedColumn  : Binding column: AnnotatedColumn()
2025-10-01T11:14:58.126-05:00 DEBUG 14096 --- [sistemamercado] [           main] o.h.boot.model.internal.PropertyBinder   : MetadataSourceProcessor property codigo with lazy=false
2025-10-01T11:14:58.126-05:00 DEBUG 14096 --- [sistemamercado] [           main] o.h.b.m.internal.AbstractPropertyHolder  : Attempting to locate auto-apply AttributeConverter for property [com.mercado.sistemamercado.model.productos.ProductoEntity:codigo]
2025-10-01T11:14:58.126-05:00 DEBUG 14096 --- [sistemamercado] [           main] o.h.b.model.internal.BasicValueBinder    : building BasicValue for codigo
2025-10-01T11:14:58.126-05:00 DEBUG 14096 --- [sistemamercado] [           main] org.hibernate.mapping.BasicValue         : Skipping column re-registration: productos.codigo
2025-10-01T11:14:58.126-05:00 DEBUG 14096 --- [sistemamercado] [           main] o.h.boot.model.internal.PropertyBinder   : Building property codigo
2025-10-01T11:14:58.127-05:00 DEBUG 14096 --- [sistemamercado] [           main] o.h.boot.model.internal.AnnotatedColumn  : Binding column: AnnotatedColumn()
2025-10-01T11:14:58.127-05:00 DEBUG 14096 --- [sistemamercado] [           main] o.h.boot.model.internal.PropertyBinder   : MetadataSourceProcessor property descripcion with lazy=false
2025-10-01T11:14:58.127-05:00 DEBUG 14096 --- [sistemamercado] [           main] o.h.b.m.internal.AbstractPropertyHolder  : Attempting to locate auto-apply AttributeConverter for property [com.mercado.sistemamercado.model.productos.ProductoEntity:descripcion]
2025-10-01T11:14:58.127-05:00 DEBUG 14096 --- [sistemamercado] [           main] o.h.b.model.internal.BasicValueBinder    : building BasicValue for descripcion
2025-10-01T11:14:58.127-05:00 DEBUG 14096 --- [sistemamercado] [           main] org.hibernate.mapping.BasicValue         : Skipping column re-registration: productos.descripcion
2025-10-01T11:14:58.127-05:00 DEBUG 14096 --- [sistemamercado] [           main] o.h.boot.model.internal.PropertyBinder   : Building property descripcion
2025-10-01T11:14:58.127-05:00 DEBUG 14096 --- [sistemamercado] [           main] o.h.boot.model.internal.AnnotatedColumn  : Binding column: AnnotatedColumn()
2025-10-01T11:14:58.127-05:00 DEBUG 14096 --- [sistemamercado] [           main] o.h.boot.model.internal.PropertyBinder   : MetadataSourceProcessor property nombre with lazy=false
2025-10-01T11:14:58.127-05:00 DEBUG 14096 --- [sistemamercado] [           main] o.h.b.m.internal.AbstractPropertyHolder  : Attempting to locate auto-apply AttributeConverter for property [com.mercado.sistemamercado.model.productos.ProductoEntity:nombre]
2025-10-01T11:14:58.127-05:00 DEBUG 14096 --- [sistemamercado] [           main] o.h.b.model.internal.BasicValueBinder    : building BasicValue for nombre
2025-10-01T11:14:58.127-05:00 DEBUG 14096 --- [sistemamercado] [           main] org.hibernate.mapping.BasicValue         : Skipping column re-registration: productos.nombre
2025-10-01T11:14:58.127-05:00 DEBUG 14096 --- [sistemamercado] [           main] o.h.boot.model.internal.PropertyBinder   : Building property nombre
2025-10-01T11:14:58.128-05:00 DEBUG 14096 --- [sistemamercado] [           main] o.h.boot.model.internal.AnnotatedColumn  : Binding column: AnnotatedColumn()
2025-10-01T11:14:58.128-05:00 DEBUG 14096 --- [sistemamercado] [           main] o.h.boot.model.internal.PropertyBinder   : MetadataSourceProcessor property precioUnitario with lazy=false
2025-10-01T11:14:58.128-05:00 DEBUG 14096 --- [sistemamercado] [           main] o.h.b.m.internal.AbstractPropertyHolder  : Attempting to locate auto-apply AttributeConverter for property [com.mercado.sistemamercado.model.productos.ProductoEntity:precioUnitario]
2025-10-01T11:14:58.128-05:00 DEBUG 14096 --- [sistemamercado] [           main] o.h.b.model.internal.BasicValueBinder    : building BasicValue for precioUnitario
2025-10-01T11:14:58.128-05:00 DEBUG 14096 --- [sistemamercado] [           main] org.hibernate.mapping.BasicValue         : Skipping column re-registration: productos.precio_unitario
2025-10-01T11:14:58.128-05:00 DEBUG 14096 --- [sistemamercado] [           main] o.h.boot.model.internal.PropertyBinder   : Building property precioUnitario
2025-10-01T11:14:58.128-05:00 DEBUG 14096 --- [sistemamercado] [           main] o.h.boot.model.internal.AnnotatedColumn  : Binding column: AnnotatedColumn()
2025-10-01T11:14:58.128-05:00 DEBUG 14096 --- [sistemamercado] [           main] o.h.boot.model.internal.PropertyBinder   : MetadataSourceProcessor property stock with lazy=false
2025-10-01T11:14:58.128-05:00 DEBUG 14096 --- [sistemamercado] [           main] o.h.b.m.internal.AbstractPropertyHolder  : Attempting to locate auto-apply AttributeConverter for property [com.mercado.sistemamercado.model.productos.ProductoEntity:stock]
2025-10-01T11:14:58.128-05:00 DEBUG 14096 --- [sistemamercado] [           main] o.h.b.model.internal.BasicValueBinder    : building BasicValue for stock
2025-10-01T11:14:58.128-05:00 DEBUG 14096 --- [sistemamercado] [           main] org.hibernate.mapping.BasicValue         : Skipping column re-registration: productos.stock
2025-10-01T11:14:58.128-05:00 DEBUG 14096 --- [sistemamercado] [           main] o.h.boot.model.internal.PropertyBinder   : Building property stock
2025-10-01T11:14:58.130-05:00 DEBUG 14096 --- [sistemamercado] [           main] o.h.b.r.c.i.ClassLoaderServiceImpl       : HHH000194: Package not found or no package-info.java: com.mercado.sistemamercado.model.productos
2025-10-01T11:14:58.134-05:00 DEBUG 14096 --- [sistemamercado] [           main] o.h.boot.model.internal.EntityBinder     : Binding entity from annotated class: com.mercado.sistemamercado.model.usuarios.UsuarioEntity
2025-10-01T11:14:58.134-05:00 DEBUG 14096 --- [sistemamercado] [           main] o.h.boot.model.internal.EntityBinder     : Import with entity name UsuarioEntity
2025-10-01T11:14:58.134-05:00 DEBUG 14096 --- [sistemamercado] [           main] o.h.boot.model.internal.EntityBinder     : Bind entity com.mercado.sistemamercado.model.usuarios.UsuarioEntity on table usuarios
2025-10-01T11:14:58.134-05:00 DEBUG 14096 --- [sistemamercado] [           main] o.h.boot.model.internal.AnnotatedColumn  : Binding column: AnnotatedDiscriminatorColumn(column='DTYPE')
2025-10-01T11:14:58.135-05:00 DEBUG 14096 --- [sistemamercado] [           main] o.h.boot.model.internal.AnnotatedColumn  : Binding column: AnnotatedColumn()
2025-10-01T11:14:58.135-05:00 DEBUG 14096 --- [sistemamercado] [           main] o.h.boot.internal.ClassLoaderAccessImpl  : Not known whether passed class name [com.mercado.sistemamercado.model.usuarios.UsuarioEntity] is safe
2025-10-01T11:14:58.135-05:00 DEBUG 14096 --- [sistemamercado] [           main] o.h.boot.internal.ClassLoaderAccessImpl  : No temp ClassLoader provided; using live ClassLoader for loading potentially unsafe class : com.mercado.sistemamercado.model.usuarios.UsuarioEntity
2025-10-01T11:14:58.135-05:00 DEBUG 14096 --- [sistemamercado] [           main] o.h.boot.model.internal.PropertyBinder   : MetadataSourceProcessor property id with lazy=false
2025-10-01T11:14:58.135-05:00 DEBUG 14096 --- [sistemamercado] [           main] o.h.b.m.internal.AbstractPropertyHolder  : Attempting to locate auto-apply AttributeConverter for property [com.mercado.sistemamercado.model.usuarios.UsuarioEntity:id]
2025-10-01T11:14:58.135-05:00 DEBUG 14096 --- [sistemamercado] [           main] o.h.b.model.internal.BasicValueBinder    : building BasicValue for id
2025-10-01T11:14:58.135-05:00 DEBUG 14096 --- [sistemamercado] [           main] org.hibernate.mapping.BasicValue         : Skipping column re-registration: usuarios.id
2025-10-01T11:14:58.135-05:00 DEBUG 14096 --- [sistemamercado] [           main] o.h.boot.model.internal.PropertyBinder   : Building property id
2025-10-01T11:14:58.135-05:00 DEBUG 14096 --- [sistemamercado] [           main] o.h.boot.model.internal.BinderHelper     : #makeIdGenerator(BasicValue([Column(id)]), id, org.hibernate.id.UUIDGenerator, , ...)
2025-10-01T11:14:58.135-05:00 DEBUG 14096 --- [sistemamercado] [           main] o.h.boot.model.internal.AnnotatedColumn  : Binding column: AnnotatedColumn()
2025-10-01T11:14:58.136-05:00 DEBUG 14096 --- [sistemamercado] [           main] o.h.boot.model.internal.PropertyBinder   : MetadataSourceProcessor property cedula with lazy=false
2025-10-01T11:14:58.136-05:00 DEBUG 14096 --- [sistemamercado] [           main] o.h.b.m.internal.AbstractPropertyHolder  : Attempting to locate auto-apply AttributeConverter for property [com.mercado.sistemamercado.model.usuarios.UsuarioEntity:cedula]
2025-10-01T11:14:58.136-05:00 DEBUG 14096 --- [sistemamercado] [           main] o.h.b.model.internal.BasicValueBinder    : building BasicValue for cedula
2025-10-01T11:14:58.136-05:00 DEBUG 14096 --- [sistemamercado] [           main] org.hibernate.mapping.BasicValue         : Skipping column re-registration: usuarios.cedula
2025-10-01T11:14:58.136-05:00 DEBUG 14096 --- [sistemamercado] [           main] o.h.boot.model.internal.PropertyBinder   : Building property cedula
2025-10-01T11:14:58.136-05:00 DEBUG 14096 --- [sistemamercado] [           main] o.h.boot.model.internal.AnnotatedColumn  : Binding column: AnnotatedColumn()
2025-10-01T11:14:58.136-05:00 DEBUG 14096 --- [sistemamercado] [           main] o.h.boot.model.internal.PropertyBinder   : MetadataSourceProcessor property contrasena with lazy=false
2025-10-01T11:14:58.136-05:00 DEBUG 14096 --- [sistemamercado] [           main] o.h.b.m.internal.AbstractPropertyHolder  : Attempting to locate auto-apply AttributeConverter for property [com.mercado.sistemamercado.model.usuarios.UsuarioEntity:contrasena]
2025-10-01T11:14:58.136-05:00 DEBUG 14096 --- [sistemamercado] [           main] o.h.b.model.internal.BasicValueBinder    : building BasicValue for contrasena
2025-10-01T11:14:58.136-05:00 DEBUG 14096 --- [sistemamercado] [           main] org.hibernate.mapping.BasicValue         : Skipping column re-registration: usuarios.contrasena
2025-10-01T11:14:58.136-05:00 DEBUG 14096 --- [sistemamercado] [           main] o.h.boot.model.internal.PropertyBinder   : Building property contrasena
2025-10-01T11:14:58.136-05:00 DEBUG 14096 --- [sistemamercado] [           main] o.h.boot.model.internal.AnnotatedColumn  : Binding column: AnnotatedColumn()
2025-10-01T11:14:58.136-05:00 DEBUG 14096 --- [sistemamercado] [           main] o.h.boot.model.internal.PropertyBinder   : MetadataSourceProcessor property nombre with lazy=false
2025-10-01T11:14:58.136-05:00 DEBUG 14096 --- [sistemamercado] [           main] o.h.b.m.internal.AbstractPropertyHolder  : Attempting to locate auto-apply AttributeConverter for property [com.mercado.sistemamercado.model.usuarios.UsuarioEntity:nombre]
2025-10-01T11:14:58.136-05:00 DEBUG 14096 --- [sistemamercado] [           main] o.h.b.model.internal.BasicValueBinder    : building BasicValue for nombre
2025-10-01T11:14:58.136-05:00 DEBUG 14096 --- [sistemamercado] [           main] org.hibernate.mapping.BasicValue         : Skipping column re-registration: usuarios.nombre
2025-10-01T11:14:58.136-05:00 DEBUG 14096 --- [sistemamercado] [           main] o.h.boot.model.internal.PropertyBinder   : Building property nombre
2025-10-01T11:14:58.137-05:00 DEBUG 14096 --- [sistemamercado] [           main] o.h.boot.model.internal.AnnotatedColumn  : Binding column: AnnotatedColumn()
2025-10-01T11:14:58.137-05:00 DEBUG 14096 --- [sistemamercado] [           main] o.h.boot.model.internal.PropertyBinder   : MetadataSourceProcessor property rol with lazy=false
2025-10-01T11:14:58.137-05:00 DEBUG 14096 --- [sistemamercado] [           main] o.h.b.m.internal.AbstractPropertyHolder  : Attempting to locate auto-apply AttributeConverter for property [com.mercado.sistemamercado.model.usuarios.UsuarioEntity:rol]
2025-10-01T11:14:58.137-05:00 DEBUG 14096 --- [sistemamercado] [           main] o.h.b.model.internal.BasicValueBinder    : building BasicValue for rol
2025-10-01T11:14:58.137-05:00 DEBUG 14096 --- [sistemamercado] [           main] org.hibernate.mapping.BasicValue         : Skipping column re-registration: usuarios.rol
2025-10-01T11:14:58.137-05:00 DEBUG 14096 --- [sistemamercado] [           main] o.h.boot.model.internal.PropertyBinder   : Building property rol
2025-10-01T11:14:58.137-05:00 DEBUG 14096 --- [sistemamercado] [           main] o.h.b.r.c.i.ClassLoaderServiceImpl       : HHH000194: Package not found or no package-info.java: com.mercado.sistemamercado.model.usuarios
2025-10-01T11:14:58.138-05:00 DEBUG 14096 --- [sistemamercado] [           main] o.h.boot.model.internal.EntityBinder     : Binding entity from annotated class: com.mercado.sistemamercado.model.ventas.VentaEntity
2025-10-01T11:14:58.138-05:00 DEBUG 14096 --- [sistemamercado] [           main] o.h.boot.model.internal.EntityBinder     : Import with entity name VentaEntity
2025-10-01T11:14:58.138-05:00 DEBUG 14096 --- [sistemamercado] [           main] o.h.boot.model.internal.EntityBinder     : Bind entity com.mercado.sistemamercado.model.ventas.VentaEntity on table ventas
2025-10-01T11:14:58.138-05:00 DEBUG 14096 --- [sistemamercado] [           main] o.h.boot.model.internal.AnnotatedColumn  : Binding column: AnnotatedDiscriminatorColumn(column='DTYPE')
2025-10-01T11:14:58.138-05:00 DEBUG 14096 --- [sistemamercado] [           main] o.h.boot.model.internal.AnnotatedColumn  : Binding column: AnnotatedColumn()
2025-10-01T11:14:58.138-05:00 DEBUG 14096 --- [sistemamercado] [           main] o.h.boot.internal.ClassLoaderAccessImpl  : Not known whether passed class name [com.mercado.sistemamercado.model.ventas.VentaEntity] is safe
2025-10-01T11:14:58.138-05:00 DEBUG 14096 --- [sistemamercado] [           main] o.h.boot.internal.ClassLoaderAccessImpl  : No temp ClassLoader provided; using live ClassLoader for loading potentially unsafe class : com.mercado.sistemamercado.model.ventas.VentaEntity
2025-10-01T11:14:58.138-05:00 DEBUG 14096 --- [sistemamercado] [           main] o.h.boot.model.internal.PropertyBinder   : MetadataSourceProcessor property id with lazy=false
2025-10-01T11:14:58.138-05:00 DEBUG 14096 --- [sistemamercado] [           main] o.h.b.m.internal.AbstractPropertyHolder  : Attempting to locate auto-apply AttributeConverter for property [com.mercado.sistemamercado.model.ventas.VentaEntity:id]
2025-10-01T11:14:58.138-05:00 DEBUG 14096 --- [sistemamercado] [           main] o.h.b.model.internal.BasicValueBinder    : building BasicValue for id
2025-10-01T11:14:58.138-05:00 DEBUG 14096 --- [sistemamercado] [           main] org.hibernate.mapping.BasicValue         : Skipping column re-registration: ventas.id
2025-10-01T11:14:58.139-05:00 DEBUG 14096 --- [sistemamercado] [           main] o.h.boot.model.internal.PropertyBinder   : Building property id
2025-10-01T11:14:58.139-05:00 DEBUG 14096 --- [sistemamercado] [           main] o.h.boot.model.internal.BinderHelper     : #makeIdGenerator(BasicValue([Column(id)]), id, org.hibernate.id.UUIDGenerator, , ...)
2025-10-01T11:14:58.139-05:00 DEBUG 14096 --- [sistemamercado] [           main] o.h.boot.model.internal.AnnotatedColumn  : Binding column: AnnotatedColumn()
2025-10-01T11:14:58.139-05:00 DEBUG 14096 --- [sistemamercado] [           main] o.h.boot.model.internal.PropertyBinder   : MetadataSourceProcessor property fecha with lazy=false
2025-10-01T11:14:58.139-05:00 DEBUG 14096 --- [sistemamercado] [           main] o.h.b.m.internal.AbstractPropertyHolder  : Attempting to locate auto-apply AttributeConverter for property [com.mercado.sistemamercado.model.ventas.VentaEntity:fecha]
2025-10-01T11:14:58.139-05:00 DEBUG 14096 --- [sistemamercado] [           main] o.h.b.model.internal.BasicValueBinder    : building BasicValue for fecha
2025-10-01T11:14:58.139-05:00 DEBUG 14096 --- [sistemamercado] [           main] org.hibernate.mapping.BasicValue         : Skipping column re-registration: ventas.fecha
2025-10-01T11:14:58.140-05:00 DEBUG 14096 --- [sistemamercado] [           main] o.h.boot.model.internal.PropertyBinder   : Building property fecha
2025-10-01T11:14:58.140-05:00 DEBUG 14096 --- [sistemamercado] [           main] o.h.boot.model.internal.AnnotatedColumn  : Binding column: AnnotatedColumn()
2025-10-01T11:14:58.140-05:00 DEBUG 14096 --- [sistemamercado] [           main] o.h.boot.model.internal.PropertyBinder   : MetadataSourceProcessor property totalVenta with lazy=false
2025-10-01T11:14:58.140-05:00 DEBUG 14096 --- [sistemamercado] [           main] o.h.b.m.internal.AbstractPropertyHolder  : Attempting to locate auto-apply AttributeConverter for property [com.mercado.sistemamercado.model.ventas.VentaEntity:totalVenta]
2025-10-01T11:14:58.140-05:00 DEBUG 14096 --- [sistemamercado] [           main] o.h.b.model.internal.BasicValueBinder    : building BasicValue for totalVenta
2025-10-01T11:14:58.140-05:00 DEBUG 14096 --- [sistemamercado] [           main] org.hibernate.mapping.BasicValue         : Skipping column re-registration: ventas.total_venta
2025-10-01T11:14:58.140-05:00 DEBUG 14096 --- [sistemamercado] [           main] o.h.boot.model.internal.PropertyBinder   : Building property totalVenta
2025-10-01T11:14:58.141-05:00 DEBUG 14096 --- [sistemamercado] [           main] o.h.b.r.c.i.ClassLoaderServiceImpl       : HHH000194: Package not found or no package-info.java: com.mercado.sistemamercado.model.ventas
2025-10-01T11:14:58.142-05:00 DEBUG 14096 --- [sistemamercado] [           main] o.h.b.model.internal.BasicValueBinder    : Starting `BasicValueBinder#fillSimpleValue` for id
2025-10-01T11:14:58.143-05:00 DEBUG 14096 --- [sistemamercado] [           main] o.h.b.model.internal.BasicValueBinder    : Starting `BasicValueBinder#fillSimpleValue` for codigo
2025-10-01T11:14:58.143-05:00 DEBUG 14096 --- [sistemamercado] [           main] o.h.b.model.internal.BasicValueBinder    : Starting `BasicValueBinder#fillSimpleValue` for descripcion
2025-10-01T11:14:58.143-05:00 DEBUG 14096 --- [sistemamercado] [           main] o.h.b.model.internal.BasicValueBinder    : Starting `BasicValueBinder#fillSimpleValue` for nombre
2025-10-01T11:14:58.143-05:00 DEBUG 14096 --- [sistemamercado] [           main] o.h.b.model.internal.BasicValueBinder    : Starting `BasicValueBinder#fillSimpleValue` for precioUnitario
2025-10-01T11:14:58.143-05:00 DEBUG 14096 --- [sistemamercado] [           main] o.h.b.model.internal.BasicValueBinder    : Starting `BasicValueBinder#fillSimpleValue` for stock
2025-10-01T11:14:58.143-05:00 DEBUG 14096 --- [sistemamercado] [           main] o.h.b.model.internal.BasicValueBinder    : Starting `BasicValueBinder#fillSimpleValue` for id
2025-10-01T11:14:58.143-05:00 DEBUG 14096 --- [sistemamercado] [           main] o.h.b.model.internal.BasicValueBinder    : Starting `BasicValueBinder#fillSimpleValue` for cedula
2025-10-01T11:14:58.143-05:00 DEBUG 14096 --- [sistemamercado] [           main] o.h.b.model.internal.BasicValueBinder    : Starting `BasicValueBinder#fillSimpleValue` for contrasena
2025-10-01T11:14:58.143-05:00 DEBUG 14096 --- [sistemamercado] [           main] o.h.b.model.internal.BasicValueBinder    : Starting `BasicValueBinder#fillSimpleValue` for nombre
2025-10-01T11:14:58.143-05:00 DEBUG 14096 --- [sistemamercado] [           main] o.h.b.model.internal.BasicValueBinder    : Starting `BasicValueBinder#fillSimpleValue` for rol
2025-10-01T11:14:58.143-05:00 DEBUG 14096 --- [sistemamercado] [           main] o.h.b.model.internal.BasicValueBinder    : Starting `BasicValueBinder#fillSimpleValue` for id
2025-10-01T11:14:58.143-05:00 DEBUG 14096 --- [sistemamercado] [           main] o.h.b.model.internal.BasicValueBinder    : Starting `BasicValueBinder#fillSimpleValue` for fecha
2025-10-01T11:14:58.143-05:00 DEBUG 14096 --- [sistemamercado] [           main] o.h.b.model.internal.BasicValueBinder    : Starting `BasicValueBinder#fillSimpleValue` for totalVenta
2025-10-01T11:14:58.147-05:00 DEBUG 14096 --- [sistemamercado] [           main] org.hibernate.mapping.PrimaryKey         : Forcing column [id] to be non-null as it is part of the primary key for table [productos]
2025-10-01T11:14:58.147-05:00 DEBUG 14096 --- [sistemamercado] [           main] org.hibernate.mapping.PrimaryKey         : Forcing column [id] to be non-null as it is part of the primary key for table [usuarios]
2025-10-01T11:14:58.147-05:00 DEBUG 14096 --- [sistemamercado] [           main] org.hibernate.mapping.PrimaryKey         : Forcing column [id] to be non-null as it is part of the primary key for table [ventas]
2025-10-01T11:14:58.193-05:00 DEBUG 14096 --- [sistemamercado] [           main] o.hibernate.internal.SessionFactoryImpl  : Building session factory
2025-10-01T11:14:58.227-05:00 DEBUG 14096 --- [sistemamercado] [           main] .h.s.i.SessionFactoryServiceRegistryImpl : EventListenerRegistry access via ServiceRegistry is deprecated.  Use `sessionFactory.getEventEngine().getListenerRegistry()` instead
2025-10-01T11:14:58.228-05:00 DEBUG 14096 --- [sistemamercado] [           main] o.hibernate.internal.SessionFactoryImpl  : Instantiating SessionFactory with settings: {java.specification.version=25, sun.cpu.isalist=amd64, hibernate.resource.beans.container=org.springframework.orm.hibernate5.SpringBeanContainer@288409f0, hibernate.connection.handling_mode=DELAYED_ACQUISITION_AND_HOLD, sun.jnu.encoding=Cp1252, hibernate.implicit_naming_strategy=org.springframework.boot.orm.jpa.hibernate.SpringImplicitNamingStrategy, java.class.path=C:\Proyectos\sistema-mercado\target\test-classes;C:\Proyectos\sistema-mercado\target\classes;C:\Users\camil\.m2\repository\org\springframework\boot\spring-boot-starter-data-jpa\3.5.6\spring-boot-starter-data-jpa-3.5.6.jar;C:\Users\camil\.m2\repository\org\springframework\boot\spring-boot-starter\3.5.6\spring-boot-starter-3.5.6.jar;C:\Users\camil\.m2\repository\org\springframework\boot\spring-boot\3.5.6\spring-boot-3.5.6.jar;C:\Users\camil\.m2\repository\org\springframework\boot\spring-boot-autoconfigure\3.5.6\spring-boot-autoconfigure-3.5.6.jar;C:\Users\camil\.m2\repository\org\springframework\boot\spring-boot-starter-logging\3.5.6\spring-boot-starter-logging-3.5.6.jar;C:\Users\camil\.m2\repository\ch\qos\logback\logback-classic\1.5.18\logback-classic-1.5.18.jar;C:\Users\camil\.m2\repository\ch\qos\logback\logback-core\1.5.18\logback-core-1.5.18.jar;C:\Users\camil\.m2\repository\org\apache\logging\log4j\log4j-to-slf4j\2.24.3\log4j-to-slf4j-2.24.3.jar;C:\Users\camil\.m2\repository\org\apache\logging\log4j\log4j-api\2.24.3\log4j-api-2.24.3.jar;C:\Users\camil\.m2\repository\org\slf4j\jul-to-slf4j\2.0.17\jul-to-slf4j-2.0.17.jar;C:\Users\camil\.m2\repository\jakarta\annotation\jakarta.annotation-api\2.1.1\jakarta.annotation-api-2.1.1.jar;C:\Users\camil\.m2\repository\org\yaml\snakeyaml\2.4\snakeyaml-2.4.jar;C:\Users\camil\.m2\repository\org\springframework\boot\spring-boot-starter-jdbc\3.5.6\spring-boot-starter-jdbc-3.5.6.jar;C:\Users\camil\.m2\repository\com\zaxxer\HikariCP\6.3.3\HikariCP-6.3.3.jar;C:\Users\camil\.m2\repository\org\springframework\spring-jdbc\6.2.11\spring-jdbc-6.2.11.jar;C:\Users\camil\.m2\repository\org\hibernate\orm\hibernate-core\6.6.29.Final\hibernate-core-6.6.29.Final.jar;C:\Users\camil\.m2\repository\jakarta\persistence\jakarta.persistence-api\3.1.0\jakarta.persistence-api-3.1.0.jar;C:\Users\camil\.m2\repository\jakarta\transaction\jakarta.transaction-api\2.0.1\jakarta.transaction-api-2.0.1.jar;C:\Users\camil\.m2\repository\org\jboss\logging\jboss-logging\3.6.1.Final\jboss-logging-3.6.1.Final.jar;C:\Users\camil\.m2\repository\org\hibernate\common\hibernate-commons-annotations\7.0.3.Final\hibernate-commons-annotations-7.0.3.Final.jar;C:\Users\camil\.m2\repository\io\smallrye\jandex\3.2.0\jandex-3.2.0.jar;C:\Users\camil\.m2\repository\com\fasterxml\classmate\1.7.0\classmate-1.7.0.jar;C:\Users\camil\.m2\repository\net\bytebuddy\byte-buddy\1.17.7\byte-buddy-1.17.7.jar;C:\Users\camil\.m2\repository\org\glassfish\jaxb\jaxb-runtime\4.0.5\jaxb-runtime-4.0.5.jar;C:\Users\camil\.m2\repository\org\glassfish\jaxb\jaxb-core\4.0.5\jaxb-core-4.0.5.jar;C:\Users\camil\.m2\repository\org\eclipse\angus\angus-activation\2.0.2\angus-activation-2.0.2.jar;C:\Users\camil\.m2\repository\org\glassfish\jaxb\txw2\4.0.5\txw2-4.0.5.jar;C:\Users\camil\.m2\repository\com\sun\istack\istack-commons-runtime\4.1.2\istack-commons-runtime-4.1.2.jar;C:\Users\camil\.m2\repository\jakarta\inject\jakarta.inject-api\2.0.1\jakarta.inject-api-2.0.1.jar;C:\Users\camil\.m2\repository\org\antlr\antlr4-runtime\4.13.0\antlr4-runtime-4.13.0.jar;C:\Users\camil\.m2\repository\org\springframework\data\spring-data-jpa\3.5.4\spring-data-jpa-3.5.4.jar;C:\Users\camil\.m2\repository\org\springframework\data\spring-data-commons\3.5.4\spring-data-commons-3.5.4.jar;C:\Users\camil\.m2\repository\org\springframework\spring-orm\6.2.11\spring-orm-6.2.11.jar;C:\Users\camil\.m2\repository\org\springframework\spring-context\6.2.11\spring-context-6.2.11.jar;C:\Users\camil\.m2\repository\org\springframework\spring-aop\6.2.11\spring-aop-6.2.11.jar;C:\Users\camil\.m2\repository\org\springframework\spring-tx\6.2.11\spring-tx-6.2.11.jar;C:\Users\camil\.m2\repository\org\springframework\spring-beans\6.2.11\spring-beans-6.2.11.jar;C:\Users\camil\.m2\repository\org\slf4j\slf4j-api\2.0.17\slf4j-api-2.0.17.jar;C:\Users\camil\.m2\repository\org\springframework\spring-aspects\6.2.11\spring-aspects-6.2.11.jar;C:\Users\camil\.m2\repository\org\aspectj\aspectjweaver\1.9.24\aspectjweaver-1.9.24.jar;C:\Users\camil\.m2\repository\org\springframework\boot\spring-boot-starter-web\3.5.6\spring-boot-starter-web-3.5.6.jar;C:\Users\camil\.m2\repository\org\springframework\boot\spring-boot-starter-json\3.5.6\spring-boot-starter-json-3.5.6.jar;C:\Users\camil\.m2\repository\com\fasterxml\jackson\core\jackson-databind\2.19.2\jackson-databind-2.19.2.jar;C:\Users\camil\.m2\repository\com\fasterxml\jackson\core\jackson-annotations\2.19.2\jackson-annotations-2.19.2.jar;C:\Users\camil\.m2\repository\com\fasterxml\jackson\core\jackson-core\2.19.2\jackson-core-2.19.2.jar;C:\Users\camil\.m2\repository\com\fasterxml\jackson\datatype\jackson-datatype-jdk8\2.19.2\jackson-datatype-jdk8-2.19.2.jar;C:\Users\camil\.m2\repository\com\fasterxml\jackson\datatype\jackson-datatype-jsr310\2.19.2\jackson-datatype-jsr310-2.19.2.jar;C:\Users\camil\.m2\repository\com\fasterxml\jackson\module\jackson-module-parameter-names\2.19.2\jackson-module-parameter-names-2.19.2.jar;C:\Users\camil\.m2\repository\org\springframework\boot\spring-boot-starter-tomcat\3.5.6\spring-boot-starter-tomcat-3.5.6.jar;C:\Users\camil\.m2\repository\org\apache\tomcat\embed\tomcat-embed-core\10.1.46\tomcat-embed-core-10.1.46.jar;C:\Users\camil\.m2\repository\org\apache\tomcat\embed\tomcat-embed-el\10.1.46\tomcat-embed-el-10.1.46.jar;C:\Users\camil\.m2\repository\org\apache\tomcat\embed\tomcat-embed-websocket\10.1.46\tomcat-embed-websocket-10.1.46.jar;C:\Users\camil\.m2\repository\org\springframework\spring-web\6.2.11\spring-web-6.2.11.jar;C:\Users\camil\.m2\repository\io\micrometer\micrometer-observation\1.15.4\micrometer-observation-1.15.4.jar;C:\Users\camil\.m2\repository\io\micrometer\micrometer-commons\1.15.4\micrometer-commons-1.15.4.jar;C:\Users\camil\.m2\repository\org\springframework\spring-webmvc\6.2.11\spring-webmvc-6.2.11.jar;C:\Users\camil\.m2\repository\org\springframework\spring-expression\6.2.11\spring-expression-6.2.11.jar;C:\Users\camil\.m2\repository\org\postgresql\postgresql\42.7.7\postgresql-42.7.7.jar;C:\Users\camil\.m2\repository\org\checkerframework\checker-qual\3.49.3\checker-qual-3.49.3.jar;C:\Users\camil\.m2\repository\org\projectlombok\lombok\1.18.40\lombok-1.18.40.jar;C:\Users\camil\.m2\repository\org\springframework\boot\spring-boot-starter-test\3.5.6\spring-boot-starter-test-3.5.6.jar;C:\Users\camil\.m2\repository\org\springframework\boot\spring-boot-test\3.5.6\spring-boot-test-3.5.6.jar;C:\Users\camil\.m2\repository\org\springframework\boot\spring-boot-test-autoconfigure\3.5.6\spring-boot-test-autoconfigure-3.5.6.jar;C:\Users\camil\.m2\repository\com\jayway\jsonpath\json-path\2.9.0\json-path-2.9.0.jar;C:\Users\camil\.m2\repository\jakarta\xml\bind\jakarta.xml.bind-api\4.0.2\jakarta.xml.bind-api-4.0.2.jar;C:\Users\camil\.m2\repository\jakarta\activation\jakarta.activation-api\2.1.4\jakarta.activation-api-2.1.4.jar;C:\Users\camil\.m2\repository\net\minidev\json-smart\2.5.2\json-smart-2.5.2.jar;C:\Users\camil\.m2\repository\net\minidev\accessors-smart\2.5.2\accessors-smart-2.5.2.jar;C:\Users\camil\.m2\repository\org\ow2\asm\asm\9.7.1\asm-9.7.1.jar;C:\Users\camil\.m2\repository\org\assertj\assertj-core\3.27.4\assertj-core-3.27.4.jar;C:\Users\camil\.m2\repository\org\awaitility\awaitility\4.2.2\awaitility-4.2.2.jar;C:\Users\camil\.m2\repository\org\hamcrest\hamcrest\3.0\hamcrest-3.0.jar;C:\Users\camil\.m2\repository\org\junit\jupiter\junit-jupiter\5.12.2\junit-jupiter-5.12.2.jar;C:\Users\camil\.m2\repository\org\junit\jupiter\junit-jupiter-api\5.12.2\junit-jupiter-api-5.12.2.jar;C:\Users\camil\.m2\repository\org\opentest4j\opentest4j\1.3.0\opentest4j-1.3.0.jar;C:\Users\camil\.m2\repository\org\junit\platform\junit-platform-commons\1.12.2\junit-platform-commons-1.12.2.jar;C:\Users\camil\.m2\repository\org\apiguardian\apiguardian-api\1.1.2\apiguardian-api-1.1.2.jar;C:\Users\camil\.m2\repository\org\junit\jupiter\junit-jupiter-params\5.12.2\junit-jupiter-params-5.12.2.jar;C:\Users\camil\.m2\repository\org\junit\jupiter\junit-jupiter-engine\5.12.2\junit-jupiter-engine-5.12.2.jar;C:\Users\camil\.m2\repository\org\junit\platform\junit-platform-engine\1.12.2\junit-platform-engine-1.12.2.jar;C:\Users\camil\.m2\repository\org\mockito\mockito-core\5.17.0\mockito-core-5.17.0.jar;C:\Users\camil\.m2\repository\net\bytebuddy\byte-buddy-agent\1.17.7\byte-buddy-agent-1.17.7.jar;C:\Users\camil\.m2\repository\org\objenesis\objenesis\3.3\objenesis-3.3.jar;C:\Users\camil\.m2\repository\org\mockito\mockito-junit-jupiter\5.17.0\mockito-junit-jupiter-5.17.0.jar;C:\Users\camil\.m2\repository\org\skyscreamer\jsonassert\1.5.3\jsonassert-1.5.3.jar;C:\Users\camil\.m2\repository\com\vaadin\external\google\android-json\0.0.20131108.vaadin1\android-json-0.0.20131108.vaadin1.jar;C:\Users\camil\.m2\repository\org\springframework\spring-core\6.2.11\spring-core-6.2.11.jar;C:\Users\camil\.m2\repository\org\springframework\spring-jcl\6.2.11\spring-jcl-6.2.11.jar;C:\Users\camil\.m2\repository\org\springframework\spring-test\6.2.11\spring-test-6.2.11.jar;C:\Users\camil\.m2\repository\org\xmlunit\xmlunit-core\2.10.4\xmlunit-core-2.10.4.jar;, java.vm.vendor=Oracle Corporation, sun.arch.data.model=64, user.variant=, java.vendor.url=https://java.oracle.com/, user.timezone=America/Bogota, jakarta.persistence.sharedCache.mode=UNSPECIFIED, org.jboss.logging.provider=slf4j, os.name=Windows 10, java.vm.specification.version=25, APPLICATION_NAME=sistemamercado, jakarta.persistence.nonJtaDataSource=HikariDataSource (HikariPool-1), user.country=CO, sun.java.launcher=SUN_STANDARD, sun.boot.library.path=C:\Users\camil\.jdks\openjdk-ea-25-ea+34-3482\bin, sun.java.command=C:\Users\camil\AppData\Local\Temp\surefire16841802898622930196\surefirebooter-20251001111455663_3.jar C:\Users\camil\AppData\Local\Temp\surefire16841802898622930196 2025-10-01T11-14-53_731-jvmRun1 surefire-20251001111455663_1tmp surefire_0-20251001111455663_2tmp, javax.persistence.nonJtaDataSource=HikariDataSource (HikariPool-1), hibernate.transaction.jta.platform=org.hibernate.engine.transaction.jta.platform.internal.NoJtaPlatform@7d685f4e, jdk.debug=release, surefire.test.class.path=C:\Proyectos\sistema-mercado\target\test-classes;C:\Proyectos\sistema-mercado\target\classes;C:\Users\camil\.m2\repository\org\springframework\boot\spring-boot-starter-data-jpa\3.5.6\spring-boot-starter-data-jpa-3.5.6.jar;C:\Users\camil\.m2\repository\org\springframework\boot\spring-boot-starter\3.5.6\spring-boot-starter-3.5.6.jar;C:\Users\camil\.m2\repository\org\springframework\boot\spring-boot\3.5.6\spring-boot-3.5.6.jar;C:\Users\camil\.m2\repository\org\springframework\boot\spring-boot-autoconfigure\3.5.6\spring-boot-autoconfigure-3.5.6.jar;C:\Users\camil\.m2\repository\org\springframework\boot\spring-boot-starter-logging\3.5.6\spring-boot-starter-logging-3.5.6.jar;C:\Users\camil\.m2\repository\ch\qos\logback\logback-classic\1.5.18\logback-classic-1.5.18.jar;C:\Users\camil\.m2\repository\ch\qos\logback\logback-core\1.5.18\logback-core-1.5.18.jar;C:\Users\camil\.m2\repository\org\apache\logging\log4j\log4j-to-slf4j\2.24.3\log4j-to-slf4j-2.24.3.jar;C:\Users\camil\.m2\repository\org\apache\logging\log4j\log4j-api\2.24.3\log4j-api-2.24.3.jar;C:\Users\camil\.m2\repository\
[...]
	at org.hibernate.resource.transaction.backend.jdbc.internal.JdbcResourceLocalTransactionCoordinatorImpl$TransactionDriverControlImpl.markRollbackOnly(JdbcResourceLocalTransactionCoordinatorImpl.java:309) ~[hibernate-core-6.6.29.Final.jar:6.6.29.Final]
	at org.hibernate.internal.AbstractSharedSessionContract.buildNamedQuery(AbstractSharedSessionContract.java:1141) ~[hibernate-core-6.6.29.Final.jar:6.6.29.Final]
	at org.hibernate.internal.AbstractSharedSessionContract.createNamedQuery(AbstractSharedSessionContract.java:1019) ~[hibernate-core-6.6.29.Final.jar:6.6.29.Final]
	at org.hibernate.internal.AbstractSharedSessionContract.createNamedQuery(AbstractSharedSessionContract.java:143) ~[hibernate-core-6.6.29.Final.jar:6.6.29.Final]
	at java.base/jdk.internal.reflect.DirectMethodHandleAccessor.invoke(DirectMethodHandleAccessor.java:104) ~[na:na]
	at java.base/java.lang.reflect.Method.invoke(Method.java:565) ~[na:na]
	at org.springframework.orm.jpa.ExtendedEntityManagerCreator$ExtendedEntityManagerInvocationHandler.invoke(ExtendedEntityManagerCreator.java:364) ~[spring-orm-6.2.11.jar:6.2.11]
	at jdk.proxy2/jdk.proxy2.$Proxy117.createNamedQuery(Unknown Source) ~[na:na]
	at org.springframework.data.jpa.repository.query.NamedQuery.hasNamedQuery(NamedQuery.java:120) ~[spring-data-jpa-3.5.4.jar:3.5.4]
	at org.springframework.data.jpa.repository.query.NamedQuery.lookupFrom(NamedQuery.java:147) ~[spring-data-jpa-3.5.4.jar:3.5.4]
	at org.springframework.data.jpa.repository.query.JpaQueryLookupStrategy$DeclaredQueryLookupStrategy.resolveQuery(JpaQueryLookupStrategy.java:184) ~[spring-data-jpa-3.5.4.jar:3.5.4]
	at org.springframework.data.jpa.repository.query.JpaQueryLookupStrategy$CreateIfNotFoundQueryLookupStrategy.resolveQuery(JpaQueryLookupStrategy.java:254) ~[spring-data-jpa-3.5.4.jar:3.5.4]
	at org.springframework.data.jpa.repository.query.JpaQueryLookupStrategy$AbstractQueryLookupStrategy.resolveQuery(JpaQueryLookupStrategy.java:99) ~[spring-data-jpa-3.5.4.jar:3.5.4]
	at org.springframework.data.repository.core.support.QueryExecutorMethodInterceptor.lookupQuery(QueryExecutorMethodInterceptor.java:116) ~[spring-data-commons-3.5.4.jar:3.5.4]
	at org.springframework.data.repository.core.support.QueryExecutorMethodInterceptor.mapMethodsToQuery(QueryExecutorMethodInterceptor.java:104) ~[spring-data-commons-3.5.4.jar:3.5.4]
	at org.springframework.data.repository.core.support.QueryExecutorMethodInterceptor.lambda$new$0(QueryExecutorMethodInterceptor.java:92) ~[spring-data-commons-3.5.4.jar:3.5.4]
	at java.base/java.util.Optional.map(Optional.java:260) ~[na:na]
	at org.springframework.data.repository.core.support.QueryExecutorMethodInterceptor.<init>(QueryExecutorMethodInterceptor.java:92) ~[spring-data-commons-3.5.4.jar:3.5.4]
	at org.springframework.data.repository.core.support.RepositoryFactorySupport.getRepository(RepositoryFactorySupport.java:434) ~[spring-data-commons-3.5.4.jar:3.5.4]
	at org.springframework.data.repository.core.support.RepositoryFactoryBeanSupport.lambda$afterPropertiesSet$4(RepositoryFactoryBeanSupport.java:350) ~[spring-data-commons-3.5.4.jar:3.5.4]
	at org.springframework.data.util.Lazy.getNullable(Lazy.java:135) ~[spring-data-commons-3.5.4.jar:3.5.4]
	at org.springframework.data.util.Lazy.get(Lazy.java:113) ~[spring-data-commons-3.5.4.jar:3.5.4]
	at org.springframework.data.repository.core.support.RepositoryFactoryBeanSupport.afterPropertiesSet(RepositoryFactoryBeanSupport.java:356) ~[spring-data-commons-3.5.4.jar:3.5.4]
	at org.springframework.data.jpa.repository.support.JpaRepositoryFactoryBean.afterPropertiesSet(JpaRepositoryFactoryBean.java:132) ~[spring-data-jpa-3.5.4.jar:3.5.4]
	at org.springframework.beans.factory.support.AbstractAutowireCapableBeanFactory.invokeInitMethods(AbstractAutowireCapableBeanFactory.java:1873) ~[spring-beans-6.2.11.jar:6.2.11]
	at org.springframework.beans.factory.support.AbstractAutowireCapableBeanFactory.initializeBean(AbstractAutowireCapableBeanFactory.java:1822) ~[spring-beans-6.2.11.jar:6.2.11]
	at org.springframework.beans.factory.support.AbstractAutowireCapableBeanFactory.doCreateBean(AbstractAutowireCapableBeanFactory.java:607) ~[spring-beans-6.2.11.jar:6.2.11]
	at org.springframework.beans.factory.support.AbstractAutowireCapableBeanFactory.createBean(AbstractAutowireCapableBeanFactory.java:529) ~[spring-beans-6.2.11.jar:6.2.11]
	at org.springframework.beans.factory.support.AbstractBeanFactory.lambda$doGetBean$0(AbstractBeanFactory.java:339) ~[spring-beans-6.2.11.jar:6.2.11]
	at org.springframework.beans.factory.support.DefaultSingletonBeanRegistry.getSingleton(DefaultSingletonBeanRegistry.java:373) ~[spring-beans-6.2.11.jar:6.2.11]
	at org.springframework.beans.factory.support.AbstractBeanFactory.doGetBean(AbstractBeanFactory.java:337) ~[spring-beans-6.2.11.jar:6.2.11]
	at org.springframework.beans.factory.support.AbstractBeanFactory.getBean(AbstractBeanFactory.java:202) ~[spring-beans-6.2.11.jar:6.2.11]
	at org.springframework.beans.factory.support.DefaultListableBeanFactory.instantiateSingleton(DefaultListableBeanFactory.java:1215) ~[spring-beans-6.2.11.jar:6.2.11]
	at org.springframework.beans.factory.support.DefaultListableBeanFactory.preInstantiateSingleton(DefaultListableBeanFactory.java:1187) ~[spring-beans-6.2.11.jar:6.2.11]
	at org.springframework.beans.factory.support.DefaultListableBeanFactory.preInstantiateSingletons(DefaultListableBeanFactory.java:1123) ~[spring-beans-6.2.11.jar:6.2.11]
	at org.springframework.context.support.AbstractApplicationContext.finishBeanFactoryInitialization(AbstractApplicationContext.java:987) ~[spring-context-6.2.11.jar:6.2.11]
	at org.springframework.context.support.AbstractApplicationContext.refresh(AbstractApplicationContext.java:627) ~[spring-context-6.2.11.jar:6.2.11]
	at org.springframework.boot.SpringApplication.refresh(SpringApplication.java:752) ~[spring-boot-3.5.6.jar:3.5.6]
	at org.springframework.boot.SpringApplication.refreshContext(SpringApplication.java:439) ~[spring-boot-3.5.6.jar:3.5.6]
	at org.springframework.boot.SpringApplication.run(SpringApplication.java:318) ~[spring-boot-3.5.6.jar:3.5.6]
	at org.springframework.boot.test.context.SpringBootContextLoader.lambda$loadContext$3(SpringBootContextLoader.java:144) ~[spring-boot-test-3.5.6.jar:3.5.6]
	at org.springframework.util.function.ThrowingSupplier.get(ThrowingSupplier.java:58) ~[spring-core-6.2.11.jar:6.2.11]
	at org.springframework.util.function.ThrowingSupplier.get(ThrowingSupplier.java:46) ~[spring-core-6.2.11.jar:6.2.11]
	at org.springframework.boot.SpringApplication.withHook(SpringApplication.java:1461) ~[spring-boot-3.5.6.jar:3.5.6]
	at org.springframework.boot.test.context.SpringBootContextLoader$ContextLoaderHook.run(SpringBootContextLoader.java:563) ~[spring-boot-test-3.5.6.jar:3.5.6]
	at org.springframework.boot.test.context.SpringBootContextLoader.loadContext(SpringBootContextLoader.java:144) ~[spring-boot-test-3.5.6.jar:3.5.6]
	at org.springframework.boot.test.context.SpringBootContextLoader.loadContext(SpringBootContextLoader.java:110) ~[spring-boot-test-3.5.6.jar:3.5.6]
	at org.springframework.test.context.cache.DefaultCacheAwareContextLoaderDelegate.loadContextInternal(DefaultCacheAwareContextLoaderDelegate.java:225) ~[spring-test-6.2.11.jar:6.2.11]
	at org.springframework.test.context.cache.DefaultCacheAwareContextLoaderDelegate.loadContext(DefaultCacheAwareContextLoaderDelegate.java:152) ~[spring-test-6.2.11.jar:6.2.11]
	at org.springframework.test.context.support.DefaultTestContext.getApplicationContext(DefaultTestContext.java:130) ~[spring-test-6.2.11.jar:6.2.11]
	at org.springframework.test.context.web.ServletTestExecutionListener.setUpRequestContextIfNecessary(ServletTestExecutionListener.java:200) ~[spring-test-6.2.11.jar:6.2.11]
	at org.springframework.test.context.web.ServletTestExecutionListener.prepareTestInstance(ServletTestExecutionListener.java:139) ~[spring-test-6.2.11.jar:6.2.11]
	at org.springframework.test.context.TestContextManager.prepareTestInstance(TestContextManager.java:260) ~[spring-test-6.2.11.jar:6.2.11]
	at org.springframework.test.context.junit.jupiter.SpringExtension.postProcessTestInstance(SpringExtension.java:159) ~[spring-test-6.2.11.jar:6.2.11]
	at org.junit.jupiter.engine.descriptor.ClassBasedTestDescriptor.lambda$invokeTestInstancePostProcessors$10(ClassBasedTestDescriptor.java:383) ~[junit-jupiter-engine-5.12.2.jar:5.12.2]
	at org.junit.jupiter.engine.descriptor.ClassBasedTestDescriptor.executeAndMaskThrowable(ClassBasedTestDescriptor.java:388) ~[junit-jupiter-engine-5.12.2.jar:5.12.2]
	at org.junit.jupiter.engine.descriptor.ClassBasedTestDescriptor.lambda$invokeTestInstancePostProcessors$11(ClassBasedTestDescriptor.java:382) ~[junit-jupiter-engine-5.12.2.jar:5.12.2]
	at java.base/java.util.stream.ForEachOps$ForEachOp$OfRef.accept(ForEachOps.java:186) ~[na:na]
	at java.base/java.util.stream.ReferencePipeline$3$1.accept(ReferencePipeline.java:214) ~[na:na]
	at java.base/java.util.stream.ReferencePipeline$2$1.accept(ReferencePipeline.java:197) ~[na:na]
	at java.base/java.util.stream.ReferencePipeline$3$1.accept(ReferencePipeline.java:214) ~[na:na]
	at java.base/java.util.ArrayList$ArrayListSpliterator.forEachRemaining(ArrayList.java:1716) ~[na:na]
	at java.base/java.util.stream.AbstractPipeline.copyInto(AbstractPipeline.java:570) ~[na:na]
	at java.base/java.util.stream.AbstractPipeline.wrapAndCopyInto(AbstractPipeline.java:560) ~[na:na]
	at java.base/java.util.stream.ForEachOps$ForEachOp.evaluateSequential(ForEachOps.java:153) ~[na:na]
	at java.base/java.util.stream.ForEachOps$ForEachOp$OfRef.evaluateSequential(ForEachOps.java:176) ~[na:na]
	at java.base/java.util.stream.AbstractPipeline.evaluate(AbstractPipeline.java:265) ~[na:na]
	at java.base/java.util.stream.ReferencePipeline.forEach(ReferencePipeline.java:632) ~[na:na]
	at org.junit.jupiter.engine.descriptor.ClassBasedTestDescriptor.invokeTestInstancePostProcessors(ClassBasedTestDescriptor.java:382) ~[junit-jupiter-engine-5.12.2.jar:5.12.2]
	at org.junit.jupiter.engine.descriptor.ClassBasedTestDescriptor.lambda$instantiateAndPostProcessTestInstance$6(ClassBasedTestDescriptor.java:293) ~[junit-jupiter-engine-5.12.2.jar:5.12.2]
	at org.junit.platform.engine.support.hierarchical.ThrowableCollector.execute(ThrowableCollector.java:73) ~[junit-platform-engine-1.12.2.jar:1.12.2]
	at org.junit.jupiter.engine.descriptor.ClassBasedTestDescriptor.instantiateAndPostProcessTestInstance(ClassBasedTestDescriptor.java:292) ~[junit-jupiter-engine-5.12.2.jar:5.12.2]
	at org.junit.jupiter.engine.descriptor.ClassBasedTestDescriptor.lambda$testInstancesProvider$4(ClassBasedTestDescriptor.java:281) ~[junit-jupiter-engine-5.12.2.jar:5.12.2]
	at java.base/java.util.Optional.orElseGet(Optional.java:364) ~[na:na]
	at org.junit.jupiter.engine.descriptor.ClassBasedTestDescriptor.lambda$testInstancesProvider$5(ClassBasedTestDescriptor.java:280) ~[junit-jupiter-engine-5.12.2.jar:5.12.2]
	at org.junit.jupiter.engine.execution.TestInstancesProvider.getTestInstances(TestInstancesProvider.java:27) ~[junit-jupiter-engine-5.12.2.jar:5.12.2]
	at org.junit.jupiter.engine.descriptor.TestMethodTestDescriptor.lambda$prepare$0(TestMethodTestDescriptor.java:112) ~[junit-jupiter-engine-5.12.2.jar:5.12.2]
	at org.junit.platform.engine.support.hierarchical.ThrowableCollector.execute(ThrowableCollector.java:73) ~[junit-platform-engine-1.12.2.jar:1.12.2]
	at org.junit.jupiter.engine.descriptor.TestMethodTestDescriptor.prepare(TestMethodTestDescriptor.java:111) ~[junit-jupiter-engine-5.12.2.jar:5.12.2]
	at org.junit.jupiter.engine.descriptor.TestMethodTestDescriptor.prepare(TestMethodTestDescriptor.java:69) ~[junit-jupiter-engine-5.12.2.jar:5.12.2]
	at org.junit.platform.engine.support.hierarchical.NodeTestTask.lambda$prepare$2(NodeTestTask.java:128) ~[junit-platform-engine-1.12.2.jar:1.12.2]
	at org.junit.platform.engine.support.hierarchical.ThrowableCollector.execute(ThrowableCollector.java:73) ~[junit-platform-engine-1.12.2.jar:1.12.2]
	at org.junit.platform.engine.support.hierarchical.NodeTestTask.prepare(NodeTestTask.java:128) ~[junit-platform-engine-1.12.2.jar:1.12.2]
	at org.junit.platform.engine.support.hierarchical.NodeTestTask.execute(NodeTestTask.java:95) ~[junit-platform-engine-1.12.2.jar:1.12.2]
	at java.base/java.util.ArrayList.forEach(ArrayList.java:1604) ~[na:na]
	at org.junit.platform.engine.support.hierarchical.SameThreadHierarchicalTestExecutorService.invokeAll(SameThreadHierarchicalTestExecutorService.java:41) ~[junit-platform-engine-1.12.2.jar:1.12.2]
	at org.junit.platform.engine.support.hierarchical.NodeTestTask.lambda$executeRecursively$6(NodeTestTask.java:160) ~[junit-platform-engine-1.12.2.jar:1.12.2]
	at org.junit.platform.engine.support.hierarchical.ThrowableCollector.execute(ThrowableCollector.java:73) ~[junit-platform-engine-1.12.2.jar:1.12.2]
	at org.junit.platform.engine.support.hierarchical.NodeTestTask.lambda$executeRecursively$8(NodeTestTask.java:146) ~[junit-platform-engine-1.12.2.jar:1.12.2]
	at org.junit.platform.engine.support.hierarchical.Node.around(Node.java:137) ~[junit-platform-engine-1.12.2.jar:1.12.2]
	at org.junit.platform.engine.support.hierarchical.NodeTestTask.lambda$executeRecursively$9(NodeTestTask.java:144) ~[junit-platform-engine-1.12.2.jar:1.12.2]
	at org.junit.platform.engine.support.hierarchical.ThrowableCollector.execute(ThrowableCollector.java:73) ~[junit-platform-engine-1.12.2.jar:1.12.2]
	at org.junit.platform.engine.support.hierarchical.NodeTestTask.executeRecursively(NodeTestTask.java:143) ~[junit-platform-engine-1.12.2.jar:1.12.2]
	at org.junit.platform.engine.support.hierarchical.NodeTestTask.execute(NodeTestTask.java:100) ~[junit-platform-engine-1.12.2.jar:1.12.2]
	at java.base/java.util.ArrayList.forEach(ArrayList.java:1604) ~[na:na]
	at org.junit.platform.engine.support.hierarchical.SameThreadHierarchicalTestExecutorService.invokeAll(SameThreadHierarchicalTestExecutorService.java:41) ~[junit-platform-engine-1.12.2.jar:1.12.2]
	at org.junit.platform.engine.support.hierarchical.NodeTestTask.lambda$executeRecursively$6(NodeTestTask.java:160) ~[junit-platform-engine-1.12.2.jar:1.12.2]
	at org.junit.platform.engine.support.hierarchical.ThrowableCollector.execute(ThrowableCollector.java:73) ~[junit-platform-engine-1.12.2.jar:1.12.2]
	at org.junit.platform.engine.support.hierarchical.NodeTestTask.lambda$executeRecursively$8(NodeTestTask.java:146) ~[junit-platform-engine-1.12.2.jar:1.12.2]
	at org.junit.platform.engine.support.hierarchical.Node.around(Node.java:137) ~[junit-platform-engine-1.12.2.jar:1.12.2]
	at org.junit.platform.engine.support.hierarchical.NodeTestTask.lambda$executeRecursively$9(NodeTestTask.java:144) ~[junit-platform-engine-1.12.2.jar:1.12.2]
	at org.junit.platform.engine.support.hierarchical.ThrowableCollector.execute(ThrowableCollector.java:73) ~[junit-platform-engine-1.12.2.jar:1.12.2]
	at org.junit.platform.engine.support.hierarchical.NodeTestTask.executeRecursively(NodeTestTask.java:143) ~[junit-platform-engine-1.12.2.jar:1.12.2]
	at org.junit.platform.engine.support.hierarchical.NodeTestTask.execute(NodeTestTask.java:100) ~[junit-platform-engine-1.12.2.jar:1.12.2]
	at org.junit.platform.engine.support.hierarchical.SameThreadHierarchicalTestExecutorService.submit(SameThreadHierarchicalTestExecutorService.java:35) ~[junit-platform-engine-1.12.2.jar:1.12.2]
	at org.junit.platform.engine.support.hierarchical.HierarchicalTestExecutor.execute(HierarchicalTestExecutor.java:57) ~[junit-platform-engine-1.12.2.jar:1.12.2]
	at org.junit.platform.engine.support.hierarchical.HierarchicalTestEngine.execute(HierarchicalTestEngine.java:54) ~[junit-platform-engine-1.12.2.jar:1.12.2]
	at org.junit.platform.launcher.core.EngineExecutionOrchestrator.execute(EngineExecutionOrchestrator.java:201) ~[junit-platform-launcher-1.12.2.jar:1.12.2]
	at org.junit.platform.launcher.core.EngineExecutionOrchestrator.execute(EngineExecutionOrchestrator.java:170) ~[junit-platform-launcher-1.12.2.jar:1.12.2]
	at org.junit.platform.launcher.core.EngineExecutionOrchestrator.execute(EngineExecutionOrchestrator.java:94) ~[junit-platform-launcher-1.12.2.jar:1.12.2]
	at org.junit.platform.launcher.core.EngineExecutionOrchestrator.lambda$execute$0(EngineExecutionOrchestrator.java:59) ~[junit-platform-launcher-1.12.2.jar:1.12.2]
	at org.junit.platform.launcher.core.EngineExecutionOrchestrator.withInterceptedStreams(EngineExecutionOrchestrator.java:142) ~[junit-platform-launcher-1.12.2.jar:1.12.2]
	at org.junit.platform.launcher.core.EngineExecutionOrchestrator.execute(EngineExecutionOrchestrator.java:58) ~[junit-platform-launcher-1.12.2.jar:1.12.2]
	at org.junit.platform.launcher.core.DefaultLauncher.execute(DefaultLauncher.java:103) ~[junit-platform-launcher-1.12.2.jar:1.12.2]
	at org.junit.platform.launcher.core.DefaultLauncher.execute(DefaultLauncher.java:85) ~[junit-platform-launcher-1.12.2.jar:1.12.2]
	at org.junit.platform.launcher.core.DelegatingLauncher.execute(DelegatingLauncher.java:47) ~[junit-platform-launcher-1.12.2.jar:1.12.2]
	at org.junit.platform.launcher.core.InterceptingLauncher.lambda$execute$1(InterceptingLauncher.java:39) ~[junit-platform-launcher-1.12.2.jar:1.12.2]
	at org.junit.platform.launcher.core.ClasspathAlignmentCheckingLauncherInterceptor.intercept(ClasspathAlignmentCheckingLauncherInterceptor.java:25) ~[junit-platform-launcher-1.12.2.jar:1.12.2]
	at org.junit.platform.launcher.core.InterceptingLauncher.execute(InterceptingLauncher.java:38) ~[junit-platform-launcher-1.12.2.jar:1.12.2]
	at org.junit.platform.launcher.core.DelegatingLauncher.execute(DelegatingLauncher.java:47) ~[junit-platform-launcher-1.12.2.jar:1.12.2]
	at org.apache.maven.surefire.junitplatform.LauncherAdapter.executeWithoutCancellationToken(LauncherAdapter.java:60) ~[surefire-junit-platform-3.5.4.jar:3.5.4]
	at org.apache.maven.surefire.junitplatform.LauncherAdapter.execute(LauncherAdapter.java:52) ~[surefire-junit-platform-3.5.4.jar:3.5.4]
	at org.apache.maven.surefire.junitplatform.JUnitPlatformProvider.execute(JUnitPlatformProvider.java:203) ~[surefire-junit-platform-3.5.4.jar:3.5.4]
	at org.apache.maven.surefire.junitplatform.JUnitPlatformProvider.invokeAllTests(JUnitPlatformProvider.java:168) ~[surefire-junit-platform-3.5.4.jar:3.5.4]
	at org.apache.maven.surefire.junitplatform.JUnitPlatformProvider.invoke(JUnitPlatformProvider.java:136) ~[surefire-junit-platform-3.5.4.jar:3.5.4]
	at org.apache.maven.surefire.booter.ForkedBooter.runSuitesInProcess(ForkedBooter.java:385) ~[surefire-booter-3.5.4.jar:3.5.4]
	at org.apache.maven.surefire.booter.ForkedBooter.execute(ForkedBooter.java:162) ~[surefire-booter-3.5.4.jar:3.5.4]
	at org.apache.maven.surefire.booter.ForkedBooter.run(ForkedBooter.java:507) ~[surefire-booter-3.5.4.jar:3.5.4]
	at org.apache.maven.surefire.booter.ForkedBooter.main(ForkedBooter.java:495) ~[surefire-booter-3.5.4.jar:3.5.4]

2025-10-01T11:14:59.428-05:00  INFO 14096 --- [sistemamercado] [           main] c.m.s.SistemaMercadoApplicationTests     : Started SistemaMercadoApplicationTests in 3.039 seconds (process running for 3.7)
]]></system-out>
    <system-err><![CDATA[Mockito is currently self-attaching to enable the inline-mock-maker. This will no longer work in future releases of the JDK. Please add Mockito as an agent to your build as described in Mockito's documentation: https://javadoc.io/doc/org.mockito/mockito-core/latest/org.mockito/org/mockito/Mockito.html#0.3
WARNING: A Java agent has been loaded dynamically (C:\Users\camil\.m2\repository\net\bytebuddy\byte-buddy-agent\1.17.7\byte-buddy-agent-1.17.7.jar)
WARNING: If a serviceability tool is in use, please run with -XX:+EnableDynamicAgentLoading to hide this warning
WARNING: If a serviceability tool is not in use, please run with -Djdk.instrument.traceUsage for more information
WARNING: Dynamic loading of agents will be disallowed by default in a future release
]]></system-err>
  </testcase>
</testsuite>